<?xml version='1.0' encoding='UTF-8' standalone='no'?>
<doxygen xmlns:xsi="http://www.w3.org/2001/XMLSchema-instance" xsi:noNamespaceSchemaLocation="compound.xsd" version="1.9.6" xml:lang="en-US">
  <compounddef id="googletest-failfast-unittest_8py" kind="file" language="Python">
    <compoundname>googletest-failfast-unittest.py</compoundname>
    <innerclass refid="classgoogletest-failfast-unittest_1_1GTestFailFastUnitTest" prot="public">googletest-failfast-unittest::GTestFailFastUnitTest</innerclass>
    <innernamespace refid="namespacegoogletest-failfast-unittest">googletest-failfast-unittest</innernamespace>
    <innernamespace refid="namespacegoogletest">googletest</innernamespace>
    <briefdescription>
    </briefdescription>
    <detaileddescription>
    </detaileddescription>
    <programlisting>
<codeline lineno="1"><highlight class="comment">#!/usr/bin/env<sp/>python</highlight><highlight class="normal"></highlight></codeline>
<codeline lineno="2"><highlight class="normal"></highlight><highlight class="comment">#</highlight><highlight class="normal"></highlight></codeline>
<codeline lineno="3"><highlight class="normal"></highlight><highlight class="comment">#<sp/>Copyright<sp/>2020<sp/>Google<sp/>Inc.<sp/>All<sp/>Rights<sp/>Reserved.</highlight><highlight class="normal"></highlight></codeline>
<codeline lineno="4"><highlight class="normal"></highlight><highlight class="comment">#</highlight><highlight class="normal"></highlight></codeline>
<codeline lineno="5"><highlight class="normal"></highlight><highlight class="comment">#<sp/>Redistribution<sp/>and<sp/>use<sp/>in<sp/>source<sp/>and<sp/>binary<sp/>forms,<sp/>with<sp/>or<sp/>without</highlight><highlight class="normal"></highlight></codeline>
<codeline lineno="6"><highlight class="normal"></highlight><highlight class="comment">#<sp/>modification,<sp/>are<sp/>permitted<sp/>provided<sp/>that<sp/>the<sp/>following<sp/>conditions<sp/>are</highlight><highlight class="normal"></highlight></codeline>
<codeline lineno="7"><highlight class="normal"></highlight><highlight class="comment">#<sp/>met:</highlight><highlight class="normal"></highlight></codeline>
<codeline lineno="8"><highlight class="normal"></highlight><highlight class="comment">#</highlight><highlight class="normal"></highlight></codeline>
<codeline lineno="9"><highlight class="normal"></highlight><highlight class="comment">#<sp/><sp/><sp/><sp/><sp/>*<sp/>Redistributions<sp/>of<sp/>source<sp/>code<sp/>must<sp/>retain<sp/>the<sp/>above<sp/>copyright</highlight><highlight class="normal"></highlight></codeline>
<codeline lineno="10"><highlight class="normal"></highlight><highlight class="comment">#<sp/>notice,<sp/>this<sp/>list<sp/>of<sp/>conditions<sp/>and<sp/>the<sp/>following<sp/>disclaimer.</highlight><highlight class="normal"></highlight></codeline>
<codeline lineno="11"><highlight class="normal"></highlight><highlight class="comment">#<sp/><sp/><sp/><sp/><sp/>*<sp/>Redistributions<sp/>in<sp/>binary<sp/>form<sp/>must<sp/>reproduce<sp/>the<sp/>above</highlight><highlight class="normal"></highlight></codeline>
<codeline lineno="12"><highlight class="normal"></highlight><highlight class="comment">#<sp/>copyright<sp/>notice,<sp/>this<sp/>list<sp/>of<sp/>conditions<sp/>and<sp/>the<sp/>following<sp/>disclaimer</highlight><highlight class="normal"></highlight></codeline>
<codeline lineno="13"><highlight class="normal"></highlight><highlight class="comment">#<sp/>in<sp/>the<sp/>documentation<sp/>and/or<sp/>other<sp/>materials<sp/>provided<sp/>with<sp/>the</highlight><highlight class="normal"></highlight></codeline>
<codeline lineno="14"><highlight class="normal"></highlight><highlight class="comment">#<sp/>distribution.</highlight><highlight class="normal"></highlight></codeline>
<codeline lineno="15"><highlight class="normal"></highlight><highlight class="comment">#<sp/><sp/><sp/><sp/><sp/>*<sp/>Neither<sp/>the<sp/>name<sp/>of<sp/>Google<sp/>Inc.<sp/>nor<sp/>the<sp/>names<sp/>of<sp/>its</highlight><highlight class="normal"></highlight></codeline>
<codeline lineno="16"><highlight class="normal"></highlight><highlight class="comment">#<sp/>contributors<sp/>may<sp/>be<sp/>used<sp/>to<sp/>endorse<sp/>or<sp/>promote<sp/>products<sp/>derived<sp/>from</highlight><highlight class="normal"></highlight></codeline>
<codeline lineno="17"><highlight class="normal"></highlight><highlight class="comment">#<sp/>this<sp/>software<sp/>without<sp/>specific<sp/>prior<sp/>written<sp/>permission.</highlight><highlight class="normal"></highlight></codeline>
<codeline lineno="18"><highlight class="normal"></highlight><highlight class="comment">#</highlight><highlight class="normal"></highlight></codeline>
<codeline lineno="19"><highlight class="normal"></highlight><highlight class="comment">#<sp/>THIS<sp/>SOFTWARE<sp/>IS<sp/>PROVIDED<sp/>BY<sp/>THE<sp/>COPYRIGHT<sp/>HOLDERS<sp/>AND<sp/>CONTRIBUTORS</highlight><highlight class="normal"></highlight></codeline>
<codeline lineno="20"><highlight class="normal"></highlight><highlight class="comment">#<sp/>&quot;AS<sp/>IS&quot;<sp/>AND<sp/>ANY<sp/>EXPRESS<sp/>OR<sp/>IMPLIED<sp/>WARRANTIES,<sp/>INCLUDING,<sp/>BUT<sp/>NOT</highlight><highlight class="normal"></highlight></codeline>
<codeline lineno="21"><highlight class="normal"></highlight><highlight class="comment">#<sp/>LIMITED<sp/>TO,<sp/>THE<sp/>IMPLIED<sp/>WARRANTIES<sp/>OF<sp/>MERCHANTABILITY<sp/>AND<sp/>FITNESS<sp/>FOR</highlight><highlight class="normal"></highlight></codeline>
<codeline lineno="22"><highlight class="normal"></highlight><highlight class="comment">#<sp/>A<sp/>PARTICULAR<sp/>PURPOSE<sp/>ARE<sp/>DISCLAIMED.<sp/>IN<sp/>NO<sp/>EVENT<sp/>SHALL<sp/>THE<sp/>COPYRIGHT</highlight><highlight class="normal"></highlight></codeline>
<codeline lineno="23"><highlight class="normal"></highlight><highlight class="comment">#<sp/>OWNER<sp/>OR<sp/>CONTRIBUTORS<sp/>BE<sp/>LIABLE<sp/>FOR<sp/>ANY<sp/>DIRECT,<sp/>INDIRECT,<sp/>INCIDENTAL,</highlight><highlight class="normal"></highlight></codeline>
<codeline lineno="24"><highlight class="normal"></highlight><highlight class="comment">#<sp/>SPECIAL,<sp/>EXEMPLARY,<sp/>OR<sp/>CONSEQUENTIAL<sp/>DAMAGES<sp/>(INCLUDING,<sp/>BUT<sp/>NOT</highlight><highlight class="normal"></highlight></codeline>
<codeline lineno="25"><highlight class="normal"></highlight><highlight class="comment">#<sp/>LIMITED<sp/>TO,<sp/>PROCUREMENT<sp/>OF<sp/>SUBSTITUTE<sp/>GOODS<sp/>OR<sp/>SERVICES;<sp/>LOSS<sp/>OF<sp/>USE,</highlight><highlight class="normal"></highlight></codeline>
<codeline lineno="26"><highlight class="normal"></highlight><highlight class="comment">#<sp/>DATA,<sp/>OR<sp/>PROFITS;<sp/>OR<sp/>BUSINESS<sp/>INTERRUPTION)<sp/>HOWEVER<sp/>CAUSED<sp/>AND<sp/>ON<sp/>ANY</highlight><highlight class="normal"></highlight></codeline>
<codeline lineno="27"><highlight class="normal"></highlight><highlight class="comment">#<sp/>THEORY<sp/>OF<sp/>LIABILITY,<sp/>WHETHER<sp/>IN<sp/>CONTRACT,<sp/>STRICT<sp/>LIABILITY,<sp/>OR<sp/>TORT</highlight><highlight class="normal"></highlight></codeline>
<codeline lineno="28"><highlight class="normal"></highlight><highlight class="comment">#<sp/>(INCLUDING<sp/>NEGLIGENCE<sp/>OR<sp/>OTHERWISE)<sp/>ARISING<sp/>IN<sp/>ANY<sp/>WAY<sp/>OUT<sp/>OF<sp/>THE<sp/>USE</highlight><highlight class="normal"></highlight></codeline>
<codeline lineno="29"><highlight class="normal"></highlight><highlight class="comment">#<sp/>OF<sp/>THIS<sp/>SOFTWARE,<sp/>EVEN<sp/>IF<sp/>ADVISED<sp/>OF<sp/>THE<sp/>POSSIBILITY<sp/>OF<sp/>SUCH<sp/>DAMAGE.</highlight><highlight class="normal"></highlight></codeline>
<codeline lineno="30"><highlight class="normal"></highlight></codeline>
<codeline lineno="31"><highlight class="normal"></highlight><highlight class="stringliteral">&quot;&quot;&quot;Unit<sp/>test<sp/>for<sp/>Google<sp/>Test<sp/>fail_fast.</highlight></codeline>
<codeline lineno="32"><highlight class="stringliteral"></highlight></codeline>
<codeline lineno="33"><highlight class="stringliteral">A<sp/>user<sp/>can<sp/>specify<sp/>if<sp/>a<sp/>Google<sp/>Test<sp/>program<sp/>should<sp/>continue<sp/>test<sp/>execution</highlight></codeline>
<codeline lineno="34"><highlight class="stringliteral">after<sp/>a<sp/>test<sp/>failure<sp/>via<sp/>the<sp/>GTEST_FAIL_FAST<sp/>environment<sp/>variable<sp/>or<sp/>the</highlight></codeline>
<codeline lineno="35"><highlight class="stringliteral">--gtest_fail_fast<sp/>flag.<sp/>The<sp/>default<sp/>value<sp/>of<sp/>the<sp/>flag<sp/>can<sp/>also<sp/>be<sp/>changed</highlight></codeline>
<codeline lineno="36"><highlight class="stringliteral">by<sp/>Bazel<sp/>fail<sp/>fast<sp/>environment<sp/>variable<sp/>TESTBRIDGE_TEST_RUNNER_FAIL_FAST.</highlight></codeline>
<codeline lineno="37"><highlight class="stringliteral"></highlight></codeline>
<codeline lineno="38"><highlight class="stringliteral">This<sp/>script<sp/>tests<sp/>such<sp/>functionality<sp/>by<sp/>invoking<sp/>googletest-failfast-unittest_</highlight></codeline>
<codeline lineno="39"><highlight class="stringliteral">(a<sp/>program<sp/>written<sp/>with<sp/>Google<sp/>Test)<sp/>with<sp/>different<sp/>environments<sp/>and<sp/>command</highlight></codeline>
<codeline lineno="40"><highlight class="stringliteral">line<sp/>flags.</highlight></codeline>
<codeline lineno="41"><highlight class="stringliteral">&quot;&quot;&quot;</highlight><highlight class="normal"></highlight></codeline>
<codeline lineno="42"><highlight class="normal"></highlight></codeline>
<codeline lineno="43"><highlight class="normal"></highlight><highlight class="keyword">import</highlight><highlight class="normal"><sp/>os</highlight></codeline>
<codeline lineno="44"><highlight class="normal"></highlight><highlight class="keyword">from</highlight><highlight class="normal"><sp/>googletest.test<sp/></highlight><highlight class="keyword">import</highlight><highlight class="normal"><sp/>gtest_test_utils</highlight></codeline>
<codeline lineno="45"><highlight class="normal"></highlight></codeline>
<codeline lineno="46"><highlight class="normal"></highlight><highlight class="comment">#<sp/>Constants.</highlight><highlight class="normal"></highlight></codeline>
<codeline lineno="47"><highlight class="normal"></highlight></codeline>
<codeline lineno="48"><highlight class="normal"></highlight><highlight class="comment">#<sp/>Bazel<sp/>testbridge<sp/>environment<sp/>variable<sp/>for<sp/>fail<sp/>fast</highlight><highlight class="normal"></highlight></codeline>
<codeline lineno="49"><highlight class="normal">BAZEL_FAIL_FAST_ENV_VAR<sp/>=<sp/></highlight><highlight class="stringliteral">&apos;TESTBRIDGE_TEST_RUNNER_FAIL_FAST&apos;</highlight><highlight class="normal"></highlight></codeline>
<codeline lineno="50"><highlight class="normal"></highlight></codeline>
<codeline lineno="51"><highlight class="normal"></highlight><highlight class="comment">#<sp/>The<sp/>environment<sp/>variable<sp/>for<sp/>specifying<sp/>fail<sp/>fast.</highlight><highlight class="normal"></highlight></codeline>
<codeline lineno="52"><highlight class="normal">FAIL_FAST_ENV_VAR<sp/>=<sp/></highlight><highlight class="stringliteral">&apos;GTEST_FAIL_FAST&apos;</highlight><highlight class="normal"></highlight></codeline>
<codeline lineno="53"><highlight class="normal"></highlight></codeline>
<codeline lineno="54"><highlight class="normal"></highlight><highlight class="comment">#<sp/>The<sp/>command<sp/>line<sp/>flag<sp/>for<sp/>specifying<sp/>fail<sp/>fast.</highlight><highlight class="normal"></highlight></codeline>
<codeline lineno="55"><highlight class="normal">FAIL_FAST_FLAG<sp/>=<sp/></highlight><highlight class="stringliteral">&apos;gtest_fail_fast&apos;</highlight><highlight class="normal"></highlight></codeline>
<codeline lineno="56"><highlight class="normal"></highlight></codeline>
<codeline lineno="57"><highlight class="normal"></highlight><highlight class="comment">#<sp/>The<sp/>command<sp/>line<sp/>flag<sp/>to<sp/>run<sp/>disabled<sp/>tests.</highlight><highlight class="normal"></highlight></codeline>
<codeline lineno="58"><highlight class="normal">RUN_DISABLED_FLAG<sp/>=<sp/></highlight><highlight class="stringliteral">&apos;gtest_also_run_disabled_tests&apos;</highlight><highlight class="normal"></highlight></codeline>
<codeline lineno="59"><highlight class="normal"></highlight></codeline>
<codeline lineno="60"><highlight class="normal"></highlight><highlight class="comment">#<sp/>The<sp/>command<sp/>line<sp/>flag<sp/>for<sp/>specifying<sp/>a<sp/>filter.</highlight><highlight class="normal"></highlight></codeline>
<codeline lineno="61"><highlight class="normal">FILTER_FLAG<sp/>=<sp/></highlight><highlight class="stringliteral">&apos;gtest_filter&apos;</highlight><highlight class="normal"></highlight></codeline>
<codeline lineno="62"><highlight class="normal"></highlight></codeline>
<codeline lineno="63"><highlight class="normal"></highlight><highlight class="comment">#<sp/>Command<sp/>to<sp/>run<sp/>the<sp/>googletest-failfast-unittest_<sp/>program.</highlight><highlight class="normal"></highlight></codeline>
<codeline lineno="64"><highlight class="normal">COMMAND<sp/>=<sp/><ref refid="namespacegtest__test__utils_1a89ed3717984a80ffbb7a9c92f71b86a2" kindref="member">gtest_test_utils.GetTestExecutablePath</ref>(</highlight></codeline>
<codeline lineno="65"><highlight class="normal"><sp/><sp/><sp/><sp/></highlight><highlight class="stringliteral">&apos;googletest-failfast-unittest_&apos;</highlight><highlight class="normal"></highlight></codeline>
<codeline lineno="66"><highlight class="normal">)</highlight></codeline>
<codeline lineno="67"><highlight class="normal"></highlight></codeline>
<codeline lineno="68"><highlight class="normal"></highlight><highlight class="comment">#<sp/>The<sp/>command<sp/>line<sp/>flag<sp/>to<sp/>tell<sp/>Google<sp/>Test<sp/>to<sp/>output<sp/>the<sp/>list<sp/>of<sp/>tests<sp/>it</highlight><highlight class="normal"></highlight></codeline>
<codeline lineno="69"><highlight class="normal"></highlight><highlight class="comment">#<sp/>will<sp/>run.</highlight><highlight class="normal"></highlight></codeline>
<codeline lineno="70"><highlight class="normal">LIST_TESTS_FLAG<sp/>=<sp/></highlight><highlight class="stringliteral">&apos;--gtest_list_tests&apos;</highlight><highlight class="normal"></highlight></codeline>
<codeline lineno="71"><highlight class="normal"></highlight></codeline>
<codeline lineno="72"><highlight class="normal"></highlight><highlight class="comment">#<sp/>Indicates<sp/>whether<sp/>Google<sp/>Test<sp/>supports<sp/>death<sp/>tests.</highlight><highlight class="normal"></highlight></codeline>
<codeline lineno="73"><highlight class="normal">SUPPORTS_DEATH_TESTS<sp/>=<sp/>(</highlight></codeline>
<codeline lineno="74"><highlight class="normal"><sp/><sp/><sp/><sp/></highlight><highlight class="stringliteral">&apos;HasDeathTest&apos;</highlight><highlight class="normal"></highlight></codeline>
<codeline lineno="75"><highlight class="normal"><sp/><sp/><sp/><sp/></highlight><highlight class="keywordflow">in</highlight><highlight class="normal"><sp/><ref refid="classgtest__test__utils_1_1Subprocess" kindref="compound">gtest_test_utils.Subprocess</ref>([COMMAND,<sp/>LIST_TESTS_FLAG]).output</highlight></codeline>
<codeline lineno="76"><highlight class="normal">)</highlight></codeline>
<codeline lineno="77"><highlight class="normal"></highlight></codeline>
<codeline lineno="78"><highlight class="normal"></highlight><highlight class="comment">#<sp/>Utilities.</highlight><highlight class="normal"></highlight></codeline>
<codeline lineno="79"><highlight class="normal"></highlight></codeline>
<codeline lineno="80"><highlight class="normal">environ<sp/>=<sp/>os.environ.copy()</highlight></codeline>
<codeline lineno="81"><highlight class="normal"></highlight></codeline>
<codeline lineno="82"><highlight class="normal"></highlight></codeline>
<codeline lineno="83"><highlight class="normal"></highlight><highlight class="keyword">def<sp/></highlight><highlight class="normal">SetEnvVar(env_var,<sp/>value):</highlight></codeline>
<codeline lineno="84"><highlight class="normal"><sp/><sp/></highlight><highlight class="stringliteral">&quot;&quot;&quot;Sets<sp/>the<sp/>env<sp/>variable<sp/>to<sp/>&apos;value&apos;;<sp/>unsets<sp/>it<sp/>when<sp/>&apos;value&apos;<sp/>is<sp/>None.&quot;&quot;&quot;</highlight><highlight class="normal"></highlight></codeline>
<codeline lineno="85"><highlight class="normal"></highlight></codeline>
<codeline lineno="86"><highlight class="normal"><sp/><sp/></highlight><highlight class="keywordflow">if</highlight><highlight class="normal"><sp/>value<sp/></highlight><highlight class="keywordflow">is</highlight><highlight class="normal"><sp/></highlight><highlight class="keywordflow">not</highlight><highlight class="normal"><sp/></highlight><highlight class="keywordtype">None</highlight><highlight class="normal">:</highlight></codeline>
<codeline lineno="87"><highlight class="normal"><sp/><sp/><sp/><sp/>environ[env_var]<sp/>=<sp/>value</highlight></codeline>
<codeline lineno="88"><highlight class="normal"><sp/><sp/></highlight><highlight class="keywordflow">elif</highlight><highlight class="normal"><sp/>env_var<sp/></highlight><highlight class="keywordflow">in</highlight><highlight class="normal"><sp/>environ:</highlight></codeline>
<codeline lineno="89"><highlight class="normal"><sp/><sp/><sp/><sp/>del<sp/>environ[env_var]</highlight></codeline>
<codeline lineno="90"><highlight class="normal"></highlight></codeline>
<codeline lineno="91"><highlight class="normal"></highlight></codeline>
<codeline lineno="92"><highlight class="normal"></highlight><highlight class="keyword">def<sp/></highlight><highlight class="normal">RunAndReturnOutput(test_suite=None,<sp/>fail_fast=None,<sp/>run_disabled=False):</highlight></codeline>
<codeline lineno="93"><highlight class="normal"><sp/><sp/></highlight><highlight class="stringliteral">&quot;&quot;&quot;Runs<sp/>the<sp/>test<sp/>program<sp/>and<sp/>returns<sp/>its<sp/>output.&quot;&quot;&quot;</highlight><highlight class="normal"></highlight></codeline>
<codeline lineno="94"><highlight class="normal"></highlight></codeline>
<codeline lineno="95"><highlight class="normal"><sp/><sp/>args<sp/>=<sp/>[]</highlight></codeline>
<codeline lineno="96"><highlight class="normal"><sp/><sp/>xml_path<sp/>=<sp/>os.path.join(</highlight></codeline>
<codeline lineno="97"><highlight class="normal"><sp/><sp/><sp/><sp/><sp/><sp/><ref refid="namespacegtest__test__utils_1a25987e1cd76e93068b2afe6bac909d12" kindref="member">gtest_test_utils.GetTempDir</ref>(),<sp/></highlight><highlight class="stringliteral">&apos;.GTestFailFastUnitTest.xml&apos;</highlight><highlight class="normal"></highlight></codeline>
<codeline lineno="98"><highlight class="normal"><sp/><sp/>)</highlight></codeline>
<codeline lineno="99"><highlight class="normal"><sp/><sp/>args<sp/>+=<sp/>[</highlight><highlight class="stringliteral">&apos;--gtest_output=xml:&apos;</highlight><highlight class="normal"><sp/>+<sp/>xml_path]</highlight></codeline>
<codeline lineno="100"><highlight class="normal"><sp/><sp/></highlight><highlight class="keywordflow">if</highlight><highlight class="normal"><sp/>fail_fast<sp/></highlight><highlight class="keywordflow">is</highlight><highlight class="normal"><sp/></highlight><highlight class="keywordflow">not</highlight><highlight class="normal"><sp/></highlight><highlight class="keywordtype">None</highlight><highlight class="normal">:</highlight></codeline>
<codeline lineno="101"><highlight class="normal"><sp/><sp/><sp/><sp/></highlight><highlight class="keywordflow">if</highlight><highlight class="normal"><sp/>isinstance(fail_fast,<sp/>str):</highlight></codeline>
<codeline lineno="102"><highlight class="normal"><sp/><sp/><sp/><sp/><sp/><sp/>args<sp/>+=<sp/>[</highlight><highlight class="stringliteral">&apos;--%s=%s&apos;</highlight><highlight class="normal"><sp/>%<sp/>(FAIL_FAST_FLAG,<sp/>fail_fast)]</highlight></codeline>
<codeline lineno="103"><highlight class="normal"><sp/><sp/><sp/><sp/></highlight><highlight class="keywordflow">elif</highlight><highlight class="normal"><sp/>fail_fast:</highlight></codeline>
<codeline lineno="104"><highlight class="normal"><sp/><sp/><sp/><sp/><sp/><sp/>args<sp/>+=<sp/>[</highlight><highlight class="stringliteral">&apos;--%s&apos;</highlight><highlight class="normal"><sp/>%<sp/>FAIL_FAST_FLAG]</highlight></codeline>
<codeline lineno="105"><highlight class="normal"><sp/><sp/><sp/><sp/></highlight><highlight class="keywordflow">else</highlight><highlight class="normal">:</highlight></codeline>
<codeline lineno="106"><highlight class="normal"><sp/><sp/><sp/><sp/><sp/><sp/>args<sp/>+=<sp/>[</highlight><highlight class="stringliteral">&apos;--no%s&apos;</highlight><highlight class="normal"><sp/>%<sp/>FAIL_FAST_FLAG]</highlight></codeline>
<codeline lineno="107"><highlight class="normal"><sp/><sp/></highlight><highlight class="keywordflow">if</highlight><highlight class="normal"><sp/>test_suite:</highlight></codeline>
<codeline lineno="108"><highlight class="normal"><sp/><sp/><sp/><sp/>args<sp/>+=<sp/>[</highlight><highlight class="stringliteral">&apos;--%s=%s.*&apos;</highlight><highlight class="normal"><sp/>%<sp/>(FILTER_FLAG,<sp/>test_suite)]</highlight></codeline>
<codeline lineno="109"><highlight class="normal"><sp/><sp/></highlight><highlight class="keywordflow">if</highlight><highlight class="normal"><sp/>run_disabled:</highlight></codeline>
<codeline lineno="110"><highlight class="normal"><sp/><sp/><sp/><sp/>args<sp/>+=<sp/>[</highlight><highlight class="stringliteral">&apos;--%s&apos;</highlight><highlight class="normal"><sp/>%<sp/>RUN_DISABLED_FLAG]</highlight></codeline>
<codeline lineno="111"><highlight class="normal"><sp/><sp/>txt_out<sp/>=<sp/><ref refid="classgtest__test__utils_1_1Subprocess" kindref="compound">gtest_test_utils.Subprocess</ref>([COMMAND]<sp/>+<sp/>args,<sp/>env=environ).output</highlight></codeline>
<codeline lineno="112"><highlight class="normal"><sp/><sp/></highlight><highlight class="keyword">with</highlight><highlight class="normal"><sp/>open(xml_path)<sp/></highlight><highlight class="keyword">as</highlight><highlight class="normal"><sp/>xml_file:</highlight></codeline>
<codeline lineno="113"><highlight class="normal"><sp/><sp/><sp/><sp/></highlight><highlight class="keywordflow">return</highlight><highlight class="normal"><sp/>txt_out,<sp/>xml_file.read()</highlight></codeline>
<codeline lineno="114"><highlight class="normal"></highlight></codeline>
<codeline lineno="115"><highlight class="normal"></highlight></codeline>
<codeline lineno="116"><highlight class="normal"></highlight><highlight class="comment">#<sp/>The<sp/>unit<sp/>test.</highlight><highlight class="normal"></highlight></codeline>
<codeline lineno="117" refid="classgoogletest-failfast-unittest_1_1GTestFailFastUnitTest" refkind="compound"><highlight class="normal"></highlight><highlight class="keyword">class<sp/></highlight><highlight class="normal"><ref refid="classgoogletest-failfast-unittest_1_1GTestFailFastUnitTest" kindref="compound">GTestFailFastUnitTest</ref>(<ref refid="namespacegtest__test__utils_1a70bb257f4161391d238b89b85d543ddc" kindref="member">gtest_test_utils.TestCase</ref>):</highlight></codeline>
<codeline lineno="118"><highlight class="normal"><sp/><sp/></highlight><highlight class="stringliteral">&quot;&quot;&quot;Tests<sp/>the<sp/>env<sp/>variable<sp/>or<sp/>the<sp/>command<sp/>line<sp/>flag<sp/>for<sp/>fail_fast.&quot;&quot;&quot;</highlight><highlight class="normal"></highlight></codeline>
<codeline lineno="119"><highlight class="normal"></highlight></codeline>
<codeline lineno="120"><highlight class="normal"><sp/><sp/></highlight><highlight class="keyword">def<sp/></highlight><highlight class="normal"><ref refid="classgoogletest-failfast-unittest_1_1GTestFailFastUnitTest_1ad3089094d4accf5ed4e45263133255bf" kindref="member">testDefaultBehavior</ref>(self):</highlight></codeline>
<codeline lineno="121"><highlight class="normal"><sp/><sp/><sp/><sp/></highlight><highlight class="stringliteral">&quot;&quot;&quot;Tests<sp/>the<sp/>behavior<sp/>of<sp/>not<sp/>specifying<sp/>the<sp/>fail_fast.&quot;&quot;&quot;</highlight><highlight class="normal"></highlight></codeline>
<codeline lineno="122"><highlight class="normal"></highlight></codeline>
<codeline lineno="123"><highlight class="normal"><sp/><sp/><sp/><sp/>txt,<sp/>_<sp/>=<sp/>RunAndReturnOutput()</highlight></codeline>
<codeline lineno="124"><highlight class="normal"><sp/><sp/><sp/><sp/>self.assertIn(</highlight><highlight class="stringliteral">&apos;22<sp/>FAILED<sp/>TEST&apos;</highlight><highlight class="normal">,<sp/>txt)</highlight></codeline>
<codeline lineno="125"><highlight class="normal"></highlight></codeline>
<codeline lineno="126"><highlight class="normal"><sp/><sp/></highlight><highlight class="keyword">def<sp/></highlight><highlight class="normal">testGoogletestFlag(self):</highlight></codeline>
<codeline lineno="127"><highlight class="normal"><sp/><sp/><sp/><sp/>txt,<sp/>_<sp/>=<sp/>RunAndReturnOutput(test_suite=</highlight><highlight class="stringliteral">&apos;HasSimpleTest&apos;</highlight><highlight class="normal">,<sp/>fail_fast=</highlight><highlight class="keyword">True</highlight><highlight class="normal">)</highlight></codeline>
<codeline lineno="128"><highlight class="normal"><sp/><sp/><sp/><sp/>self.assertIn(</highlight><highlight class="stringliteral">&apos;1<sp/>FAILED<sp/>TEST&apos;</highlight><highlight class="normal">,<sp/>txt)</highlight></codeline>
<codeline lineno="129"><highlight class="normal"><sp/><sp/><sp/><sp/>self.assertIn(</highlight><highlight class="stringliteral">&apos;[<sp/><sp/>SKIPPED<sp/>]<sp/>3<sp/>tests&apos;</highlight><highlight class="normal">,<sp/>txt)</highlight></codeline>
<codeline lineno="130"><highlight class="normal"></highlight></codeline>
<codeline lineno="131"><highlight class="normal"><sp/><sp/><sp/><sp/>txt,<sp/>_<sp/>=<sp/>RunAndReturnOutput(test_suite=</highlight><highlight class="stringliteral">&apos;HasSimpleTest&apos;</highlight><highlight class="normal">,<sp/>fail_fast=</highlight><highlight class="keyword">False</highlight><highlight class="normal">)</highlight></codeline>
<codeline lineno="132"><highlight class="normal"><sp/><sp/><sp/><sp/>self.assertIn(</highlight><highlight class="stringliteral">&apos;4<sp/>FAILED<sp/>TEST&apos;</highlight><highlight class="normal">,<sp/>txt)</highlight></codeline>
<codeline lineno="133"><highlight class="normal"><sp/><sp/><sp/><sp/>self.assertNotIn(</highlight><highlight class="stringliteral">&apos;[<sp/><sp/>SKIPPED<sp/>]&apos;</highlight><highlight class="normal">,<sp/>txt)</highlight></codeline>
<codeline lineno="134"><highlight class="normal"></highlight></codeline>
<codeline lineno="135"><highlight class="normal"><sp/><sp/></highlight><highlight class="keyword">def<sp/></highlight><highlight class="normal"><ref refid="classgoogletest-failfast-unittest_1_1GTestFailFastUnitTest_1a51e0d6947e2fc6e143e8bd060e45b6e3" kindref="member">testGoogletestEnvVar</ref>(self):</highlight></codeline>
<codeline lineno="136"><highlight class="normal"><sp/><sp/><sp/><sp/></highlight><highlight class="stringliteral">&quot;&quot;&quot;Tests<sp/>the<sp/>behavior<sp/>of<sp/>specifying<sp/>fail_fast<sp/>via<sp/>Googletest<sp/>env<sp/>var.&quot;&quot;&quot;</highlight><highlight class="normal"></highlight></codeline>
<codeline lineno="137"><highlight class="normal"></highlight></codeline>
<codeline lineno="138"><highlight class="normal"><sp/><sp/><sp/><sp/></highlight><highlight class="keywordflow">try</highlight><highlight class="normal">:</highlight></codeline>
<codeline lineno="139"><highlight class="normal"><sp/><sp/><sp/><sp/><sp/><sp/>SetEnvVar(FAIL_FAST_ENV_VAR,<sp/></highlight><highlight class="stringliteral">&apos;1&apos;</highlight><highlight class="normal">)</highlight></codeline>
<codeline lineno="140"><highlight class="normal"><sp/><sp/><sp/><sp/><sp/><sp/>txt,<sp/>_<sp/>=<sp/>RunAndReturnOutput(</highlight><highlight class="stringliteral">&apos;HasSimpleTest&apos;</highlight><highlight class="normal">)</highlight></codeline>
<codeline lineno="141"><highlight class="normal"><sp/><sp/><sp/><sp/><sp/><sp/>self.assertIn(</highlight><highlight class="stringliteral">&apos;1<sp/>FAILED<sp/>TEST&apos;</highlight><highlight class="normal">,<sp/>txt)</highlight></codeline>
<codeline lineno="142"><highlight class="normal"><sp/><sp/><sp/><sp/><sp/><sp/>self.assertIn(</highlight><highlight class="stringliteral">&apos;[<sp/><sp/>SKIPPED<sp/>]<sp/>3<sp/>tests&apos;</highlight><highlight class="normal">,<sp/>txt)</highlight></codeline>
<codeline lineno="143"><highlight class="normal"></highlight></codeline>
<codeline lineno="144"><highlight class="normal"><sp/><sp/><sp/><sp/><sp/><sp/>SetEnvVar(FAIL_FAST_ENV_VAR,<sp/></highlight><highlight class="stringliteral">&apos;0&apos;</highlight><highlight class="normal">)</highlight></codeline>
<codeline lineno="145"><highlight class="normal"><sp/><sp/><sp/><sp/><sp/><sp/>txt,<sp/>_<sp/>=<sp/>RunAndReturnOutput(</highlight><highlight class="stringliteral">&apos;HasSimpleTest&apos;</highlight><highlight class="normal">)</highlight></codeline>
<codeline lineno="146"><highlight class="normal"><sp/><sp/><sp/><sp/><sp/><sp/>self.assertIn(</highlight><highlight class="stringliteral">&apos;4<sp/>FAILED<sp/>TEST&apos;</highlight><highlight class="normal">,<sp/>txt)</highlight></codeline>
<codeline lineno="147"><highlight class="normal"><sp/><sp/><sp/><sp/><sp/><sp/>self.assertNotIn(</highlight><highlight class="stringliteral">&apos;[<sp/><sp/>SKIPPED<sp/>]&apos;</highlight><highlight class="normal">,<sp/>txt)</highlight></codeline>
<codeline lineno="148"><highlight class="normal"><sp/><sp/><sp/><sp/></highlight><highlight class="keywordflow">finally</highlight><highlight class="normal">:</highlight></codeline>
<codeline lineno="149"><highlight class="normal"><sp/><sp/><sp/><sp/><sp/><sp/>SetEnvVar(FAIL_FAST_ENV_VAR,<sp/></highlight><highlight class="keywordtype">None</highlight><highlight class="normal">)</highlight></codeline>
<codeline lineno="150"><highlight class="normal"></highlight></codeline>
<codeline lineno="151"><highlight class="normal"><sp/><sp/></highlight><highlight class="keyword">def<sp/></highlight><highlight class="normal"><ref refid="classgoogletest-failfast-unittest_1_1GTestFailFastUnitTest_1a8eb621eff4b0d5738376907eba783634" kindref="member">testBazelEnvVar</ref>(self):</highlight></codeline>
<codeline lineno="152"><highlight class="normal"><sp/><sp/><sp/><sp/></highlight><highlight class="stringliteral">&quot;&quot;&quot;Tests<sp/>the<sp/>behavior<sp/>of<sp/>specifying<sp/>fail_fast<sp/>via<sp/>Bazel<sp/>testbridge.&quot;&quot;&quot;</highlight><highlight class="normal"></highlight></codeline>
<codeline lineno="153"><highlight class="normal"></highlight></codeline>
<codeline lineno="154"><highlight class="normal"><sp/><sp/><sp/><sp/></highlight><highlight class="keywordflow">try</highlight><highlight class="normal">:</highlight></codeline>
<codeline lineno="155"><highlight class="normal"><sp/><sp/><sp/><sp/><sp/><sp/>SetEnvVar(BAZEL_FAIL_FAST_ENV_VAR,<sp/></highlight><highlight class="stringliteral">&apos;1&apos;</highlight><highlight class="normal">)</highlight></codeline>
<codeline lineno="156"><highlight class="normal"><sp/><sp/><sp/><sp/><sp/><sp/>txt,<sp/>_<sp/>=<sp/>RunAndReturnOutput(</highlight><highlight class="stringliteral">&apos;HasSimpleTest&apos;</highlight><highlight class="normal">)</highlight></codeline>
<codeline lineno="157"><highlight class="normal"><sp/><sp/><sp/><sp/><sp/><sp/>self.assertIn(</highlight><highlight class="stringliteral">&apos;1<sp/>FAILED<sp/>TEST&apos;</highlight><highlight class="normal">,<sp/>txt)</highlight></codeline>
<codeline lineno="158"><highlight class="normal"><sp/><sp/><sp/><sp/><sp/><sp/>self.assertIn(</highlight><highlight class="stringliteral">&apos;[<sp/><sp/>SKIPPED<sp/>]<sp/>3<sp/>tests&apos;</highlight><highlight class="normal">,<sp/>txt)</highlight></codeline>
<codeline lineno="159"><highlight class="normal"></highlight></codeline>
<codeline lineno="160"><highlight class="normal"><sp/><sp/><sp/><sp/><sp/><sp/>SetEnvVar(BAZEL_FAIL_FAST_ENV_VAR,<sp/></highlight><highlight class="stringliteral">&apos;0&apos;</highlight><highlight class="normal">)</highlight></codeline>
<codeline lineno="161"><highlight class="normal"><sp/><sp/><sp/><sp/><sp/><sp/>txt,<sp/>_<sp/>=<sp/>RunAndReturnOutput(</highlight><highlight class="stringliteral">&apos;HasSimpleTest&apos;</highlight><highlight class="normal">)</highlight></codeline>
<codeline lineno="162"><highlight class="normal"><sp/><sp/><sp/><sp/><sp/><sp/>self.assertIn(</highlight><highlight class="stringliteral">&apos;4<sp/>FAILED<sp/>TEST&apos;</highlight><highlight class="normal">,<sp/>txt)</highlight></codeline>
<codeline lineno="163"><highlight class="normal"><sp/><sp/><sp/><sp/><sp/><sp/>self.assertNotIn(</highlight><highlight class="stringliteral">&apos;[<sp/><sp/>SKIPPED<sp/>]&apos;</highlight><highlight class="normal">,<sp/>txt)</highlight></codeline>
<codeline lineno="164"><highlight class="normal"><sp/><sp/><sp/><sp/></highlight><highlight class="keywordflow">finally</highlight><highlight class="normal">:</highlight></codeline>
<codeline lineno="165"><highlight class="normal"><sp/><sp/><sp/><sp/><sp/><sp/>SetEnvVar(BAZEL_FAIL_FAST_ENV_VAR,<sp/></highlight><highlight class="keywordtype">None</highlight><highlight class="normal">)</highlight></codeline>
<codeline lineno="166"><highlight class="normal"></highlight></codeline>
<codeline lineno="167"><highlight class="normal"><sp/><sp/></highlight><highlight class="keyword">def<sp/></highlight><highlight class="normal"><ref refid="classgoogletest-failfast-unittest_1_1GTestFailFastUnitTest_1a3a89aed053602baadb9bb32a46e6cfd3" kindref="member">testFlagOverridesEnvVar</ref>(self):</highlight></codeline>
<codeline lineno="168"><highlight class="normal"><sp/><sp/><sp/><sp/></highlight><highlight class="stringliteral">&quot;&quot;&quot;Tests<sp/>precedence<sp/>of<sp/>flag<sp/>over<sp/>env<sp/>var.&quot;&quot;&quot;</highlight><highlight class="normal"></highlight></codeline>
<codeline lineno="169"><highlight class="normal"></highlight></codeline>
<codeline lineno="170"><highlight class="normal"><sp/><sp/><sp/><sp/></highlight><highlight class="keywordflow">try</highlight><highlight class="normal">:</highlight></codeline>
<codeline lineno="171"><highlight class="normal"><sp/><sp/><sp/><sp/><sp/><sp/>SetEnvVar(FAIL_FAST_ENV_VAR,<sp/></highlight><highlight class="stringliteral">&apos;0&apos;</highlight><highlight class="normal">)</highlight></codeline>
<codeline lineno="172"><highlight class="normal"><sp/><sp/><sp/><sp/><sp/><sp/>txt,<sp/>_<sp/>=<sp/>RunAndReturnOutput(</highlight><highlight class="stringliteral">&apos;HasSimpleTest&apos;</highlight><highlight class="normal">,<sp/></highlight><highlight class="keyword">True</highlight><highlight class="normal">)</highlight></codeline>
<codeline lineno="173"><highlight class="normal"><sp/><sp/><sp/><sp/><sp/><sp/>self.assertIn(</highlight><highlight class="stringliteral">&apos;1<sp/>FAILED<sp/>TEST&apos;</highlight><highlight class="normal">,<sp/>txt)</highlight></codeline>
<codeline lineno="174"><highlight class="normal"><sp/><sp/><sp/><sp/><sp/><sp/>self.assertIn(</highlight><highlight class="stringliteral">&apos;[<sp/><sp/>SKIPPED<sp/>]<sp/>3<sp/>tests&apos;</highlight><highlight class="normal">,<sp/>txt)</highlight></codeline>
<codeline lineno="175"><highlight class="normal"><sp/><sp/><sp/><sp/></highlight><highlight class="keywordflow">finally</highlight><highlight class="normal">:</highlight></codeline>
<codeline lineno="176"><highlight class="normal"><sp/><sp/><sp/><sp/><sp/><sp/>SetEnvVar(FAIL_FAST_ENV_VAR,<sp/></highlight><highlight class="keywordtype">None</highlight><highlight class="normal">)</highlight></codeline>
<codeline lineno="177"><highlight class="normal"></highlight></codeline>
<codeline lineno="178"><highlight class="normal"><sp/><sp/></highlight><highlight class="keyword">def<sp/></highlight><highlight class="normal"><ref refid="classgoogletest-failfast-unittest_1_1GTestFailFastUnitTest_1ad998af915c456cda96a09816223585f5" kindref="member">testGoogletestEnvVarOverridesBazelEnvVar</ref>(self):</highlight></codeline>
<codeline lineno="179"><highlight class="normal"><sp/><sp/><sp/><sp/></highlight><highlight class="stringliteral">&quot;&quot;&quot;Tests<sp/>that<sp/>the<sp/>Googletest<sp/>native<sp/>env<sp/>var<sp/>over<sp/>Bazel<sp/>testbridge.&quot;&quot;&quot;</highlight><highlight class="normal"></highlight></codeline>
<codeline lineno="180"><highlight class="normal"></highlight></codeline>
<codeline lineno="181"><highlight class="normal"><sp/><sp/><sp/><sp/></highlight><highlight class="keywordflow">try</highlight><highlight class="normal">:</highlight></codeline>
<codeline lineno="182"><highlight class="normal"><sp/><sp/><sp/><sp/><sp/><sp/>SetEnvVar(BAZEL_FAIL_FAST_ENV_VAR,<sp/></highlight><highlight class="stringliteral">&apos;0&apos;</highlight><highlight class="normal">)</highlight></codeline>
<codeline lineno="183"><highlight class="normal"><sp/><sp/><sp/><sp/><sp/><sp/>SetEnvVar(FAIL_FAST_ENV_VAR,<sp/></highlight><highlight class="stringliteral">&apos;1&apos;</highlight><highlight class="normal">)</highlight></codeline>
<codeline lineno="184"><highlight class="normal"><sp/><sp/><sp/><sp/><sp/><sp/>txt,<sp/>_<sp/>=<sp/>RunAndReturnOutput(</highlight><highlight class="stringliteral">&apos;HasSimpleTest&apos;</highlight><highlight class="normal">)</highlight></codeline>
<codeline lineno="185"><highlight class="normal"><sp/><sp/><sp/><sp/><sp/><sp/>self.assertIn(</highlight><highlight class="stringliteral">&apos;1<sp/>FAILED<sp/>TEST&apos;</highlight><highlight class="normal">,<sp/>txt)</highlight></codeline>
<codeline lineno="186"><highlight class="normal"><sp/><sp/><sp/><sp/><sp/><sp/>self.assertIn(</highlight><highlight class="stringliteral">&apos;[<sp/><sp/>SKIPPED<sp/>]<sp/>3<sp/>tests&apos;</highlight><highlight class="normal">,<sp/>txt)</highlight></codeline>
<codeline lineno="187"><highlight class="normal"><sp/><sp/><sp/><sp/></highlight><highlight class="keywordflow">finally</highlight><highlight class="normal">:</highlight></codeline>
<codeline lineno="188"><highlight class="normal"><sp/><sp/><sp/><sp/><sp/><sp/>SetEnvVar(FAIL_FAST_ENV_VAR,<sp/></highlight><highlight class="keywordtype">None</highlight><highlight class="normal">)</highlight></codeline>
<codeline lineno="189"><highlight class="normal"><sp/><sp/><sp/><sp/><sp/><sp/>SetEnvVar(BAZEL_FAIL_FAST_ENV_VAR,<sp/></highlight><highlight class="keywordtype">None</highlight><highlight class="normal">)</highlight></codeline>
<codeline lineno="190"><highlight class="normal"></highlight></codeline>
<codeline lineno="191"><highlight class="normal"><sp/><sp/></highlight><highlight class="keyword">def<sp/></highlight><highlight class="normal">testEventListener(self):</highlight></codeline>
<codeline lineno="192"><highlight class="normal"><sp/><sp/><sp/><sp/>txt,<sp/>_<sp/>=<sp/>RunAndReturnOutput(test_suite=</highlight><highlight class="stringliteral">&apos;HasSkipTest&apos;</highlight><highlight class="normal">,<sp/>fail_fast=</highlight><highlight class="keyword">True</highlight><highlight class="normal">)</highlight></codeline>
<codeline lineno="193"><highlight class="normal"><sp/><sp/><sp/><sp/>self.assertIn(</highlight><highlight class="stringliteral">&apos;1<sp/>FAILED<sp/>TEST&apos;</highlight><highlight class="normal">,<sp/>txt)</highlight></codeline>
<codeline lineno="194"><highlight class="normal"><sp/><sp/><sp/><sp/>self.assertIn(</highlight><highlight class="stringliteral">&apos;[<sp/><sp/>SKIPPED<sp/>]<sp/>3<sp/>tests&apos;</highlight><highlight class="normal">,<sp/>txt)</highlight></codeline>
<codeline lineno="195"><highlight class="normal"><sp/><sp/><sp/><sp/></highlight><highlight class="keywordflow">for</highlight><highlight class="normal"><sp/>expected_count,<sp/>callback<sp/></highlight><highlight class="keywordflow">in</highlight><highlight class="normal"><sp/>[</highlight></codeline>
<codeline lineno="196"><highlight class="normal"><sp/><sp/><sp/><sp/><sp/><sp/><sp/><sp/>(1,<sp/></highlight><highlight class="stringliteral">&apos;OnTestSuiteStart&apos;</highlight><highlight class="normal">),</highlight></codeline>
<codeline lineno="197"><highlight class="normal"><sp/><sp/><sp/><sp/><sp/><sp/><sp/><sp/>(5,<sp/></highlight><highlight class="stringliteral">&apos;OnTestStart&apos;</highlight><highlight class="normal">),</highlight></codeline>
<codeline lineno="198"><highlight class="normal"><sp/><sp/><sp/><sp/><sp/><sp/><sp/><sp/>(5,<sp/></highlight><highlight class="stringliteral">&apos;OnTestEnd&apos;</highlight><highlight class="normal">),</highlight></codeline>
<codeline lineno="199"><highlight class="normal"><sp/><sp/><sp/><sp/><sp/><sp/><sp/><sp/>(5,<sp/></highlight><highlight class="stringliteral">&apos;OnTestPartResult&apos;</highlight><highlight class="normal">),</highlight></codeline>
<codeline lineno="200"><highlight class="normal"><sp/><sp/><sp/><sp/><sp/><sp/><sp/><sp/>(1,<sp/></highlight><highlight class="stringliteral">&apos;OnTestSuiteEnd&apos;</highlight><highlight class="normal">),</highlight></codeline>
<codeline lineno="201"><highlight class="normal"><sp/><sp/><sp/><sp/>]:</highlight></codeline>
<codeline lineno="202"><highlight class="normal"><sp/><sp/><sp/><sp/><sp/><sp/>self.assertEqual(</highlight></codeline>
<codeline lineno="203"><highlight class="normal"><sp/><sp/><sp/><sp/><sp/><sp/><sp/><sp/><sp/><sp/>expected_count,</highlight></codeline>
<codeline lineno="204"><highlight class="normal"><sp/><sp/><sp/><sp/><sp/><sp/><sp/><sp/><sp/><sp/>txt.count(callback),</highlight></codeline>
<codeline lineno="205"><highlight class="normal"><sp/><sp/><sp/><sp/><sp/><sp/><sp/><sp/><sp/><sp/></highlight><highlight class="stringliteral">&apos;Expected<sp/>%d<sp/>calls<sp/>to<sp/>callback<sp/>%s<sp/>match<sp/>count<sp/>on<sp/>output:<sp/>%s<sp/>&apos;</highlight><highlight class="normal"></highlight></codeline>
<codeline lineno="206"><highlight class="normal"><sp/><sp/><sp/><sp/><sp/><sp/><sp/><sp/><sp/><sp/>%<sp/>(expected_count,<sp/>callback,<sp/>txt),</highlight></codeline>
<codeline lineno="207"><highlight class="normal"><sp/><sp/><sp/><sp/><sp/><sp/>)</highlight></codeline>
<codeline lineno="208"><highlight class="normal"></highlight></codeline>
<codeline lineno="209"><highlight class="normal"><sp/><sp/><sp/><sp/>txt,<sp/>_<sp/>=<sp/>RunAndReturnOutput(test_suite=</highlight><highlight class="stringliteral">&apos;HasSkipTest&apos;</highlight><highlight class="normal">,<sp/>fail_fast=</highlight><highlight class="keyword">False</highlight><highlight class="normal">)</highlight></codeline>
<codeline lineno="210"><highlight class="normal"><sp/><sp/><sp/><sp/>self.assertIn(</highlight><highlight class="stringliteral">&apos;3<sp/>FAILED<sp/>TEST&apos;</highlight><highlight class="normal">,<sp/>txt)</highlight></codeline>
<codeline lineno="211"><highlight class="normal"><sp/><sp/><sp/><sp/>self.assertIn(</highlight><highlight class="stringliteral">&apos;[<sp/><sp/>SKIPPED<sp/>]<sp/>1<sp/>test&apos;</highlight><highlight class="normal">,<sp/>txt)</highlight></codeline>
<codeline lineno="212"><highlight class="normal"><sp/><sp/><sp/><sp/></highlight><highlight class="keywordflow">for</highlight><highlight class="normal"><sp/>expected_count,<sp/>callback<sp/></highlight><highlight class="keywordflow">in</highlight><highlight class="normal"><sp/>[</highlight></codeline>
<codeline lineno="213"><highlight class="normal"><sp/><sp/><sp/><sp/><sp/><sp/><sp/><sp/>(1,<sp/></highlight><highlight class="stringliteral">&apos;OnTestSuiteStart&apos;</highlight><highlight class="normal">),</highlight></codeline>
<codeline lineno="214"><highlight class="normal"><sp/><sp/><sp/><sp/><sp/><sp/><sp/><sp/>(5,<sp/></highlight><highlight class="stringliteral">&apos;OnTestStart&apos;</highlight><highlight class="normal">),</highlight></codeline>
<codeline lineno="215"><highlight class="normal"><sp/><sp/><sp/><sp/><sp/><sp/><sp/><sp/>(5,<sp/></highlight><highlight class="stringliteral">&apos;OnTestEnd&apos;</highlight><highlight class="normal">),</highlight></codeline>
<codeline lineno="216"><highlight class="normal"><sp/><sp/><sp/><sp/><sp/><sp/><sp/><sp/>(5,<sp/></highlight><highlight class="stringliteral">&apos;OnTestPartResult&apos;</highlight><highlight class="normal">),</highlight></codeline>
<codeline lineno="217"><highlight class="normal"><sp/><sp/><sp/><sp/><sp/><sp/><sp/><sp/>(1,<sp/></highlight><highlight class="stringliteral">&apos;OnTestSuiteEnd&apos;</highlight><highlight class="normal">),</highlight></codeline>
<codeline lineno="218"><highlight class="normal"><sp/><sp/><sp/><sp/>]:</highlight></codeline>
<codeline lineno="219"><highlight class="normal"><sp/><sp/><sp/><sp/><sp/><sp/>self.assertEqual(</highlight></codeline>
<codeline lineno="220"><highlight class="normal"><sp/><sp/><sp/><sp/><sp/><sp/><sp/><sp/><sp/><sp/>expected_count,</highlight></codeline>
<codeline lineno="221"><highlight class="normal"><sp/><sp/><sp/><sp/><sp/><sp/><sp/><sp/><sp/><sp/>txt.count(callback),</highlight></codeline>
<codeline lineno="222"><highlight class="normal"><sp/><sp/><sp/><sp/><sp/><sp/><sp/><sp/><sp/><sp/></highlight><highlight class="stringliteral">&apos;Expected<sp/>%d<sp/>calls<sp/>to<sp/>callback<sp/>%s<sp/>match<sp/>count<sp/>on<sp/>output:<sp/>%s<sp/>&apos;</highlight><highlight class="normal"></highlight></codeline>
<codeline lineno="223"><highlight class="normal"><sp/><sp/><sp/><sp/><sp/><sp/><sp/><sp/><sp/><sp/>%<sp/>(expected_count,<sp/>callback,<sp/>txt),</highlight></codeline>
<codeline lineno="224"><highlight class="normal"><sp/><sp/><sp/><sp/><sp/><sp/>)</highlight></codeline>
<codeline lineno="225"><highlight class="normal"></highlight></codeline>
<codeline lineno="226"><highlight class="normal"><sp/><sp/></highlight><highlight class="keyword">def<sp/></highlight><highlight class="normal">assertXmlResultCount(self,<sp/>result,<sp/>count,<sp/>xml):</highlight></codeline>
<codeline lineno="227"><highlight class="normal"><sp/><sp/><sp/><sp/>self.assertEqual(</highlight></codeline>
<codeline lineno="228"><highlight class="normal"><sp/><sp/><sp/><sp/><sp/><sp/><sp/><sp/>count,</highlight></codeline>
<codeline lineno="229"><highlight class="normal"><sp/><sp/><sp/><sp/><sp/><sp/><sp/><sp/>xml.count(</highlight><highlight class="stringliteral">&apos;result=&quot;%s&quot;&apos;</highlight><highlight class="normal"><sp/>%<sp/>result),</highlight></codeline>
<codeline lineno="230"><highlight class="normal"><sp/><sp/><sp/><sp/><sp/><sp/><sp/><sp/></highlight><highlight class="stringliteral">&apos;Expected<sp/>\&apos;result=&quot;%s&quot;\&apos;<sp/>match<sp/>count<sp/>of<sp/>%s:<sp/>%s<sp/>&apos;</highlight><highlight class="normal"></highlight></codeline>
<codeline lineno="231"><highlight class="normal"><sp/><sp/><sp/><sp/><sp/><sp/><sp/><sp/>%<sp/>(result,<sp/>count,<sp/>xml),</highlight></codeline>
<codeline lineno="232"><highlight class="normal"><sp/><sp/><sp/><sp/>)</highlight></codeline>
<codeline lineno="233"><highlight class="normal"></highlight></codeline>
<codeline lineno="234"><highlight class="normal"><sp/><sp/></highlight><highlight class="keyword">def<sp/></highlight><highlight class="normal">assertXmlStatusCount(self,<sp/>status,<sp/>count,<sp/>xml):</highlight></codeline>
<codeline lineno="235"><highlight class="normal"><sp/><sp/><sp/><sp/>self.assertEqual(</highlight></codeline>
<codeline lineno="236"><highlight class="normal"><sp/><sp/><sp/><sp/><sp/><sp/><sp/><sp/>count,</highlight></codeline>
<codeline lineno="237"><highlight class="normal"><sp/><sp/><sp/><sp/><sp/><sp/><sp/><sp/>xml.count(</highlight><highlight class="stringliteral">&apos;status=&quot;%s&quot;&apos;</highlight><highlight class="normal"><sp/>%<sp/>status),</highlight></codeline>
<codeline lineno="238"><highlight class="normal"><sp/><sp/><sp/><sp/><sp/><sp/><sp/><sp/></highlight><highlight class="stringliteral">&apos;Expected<sp/>\&apos;status=&quot;%s&quot;\&apos;<sp/>match<sp/>count<sp/>of<sp/>%s:<sp/>%s<sp/>&apos;</highlight><highlight class="normal"></highlight></codeline>
<codeline lineno="239"><highlight class="normal"><sp/><sp/><sp/><sp/><sp/><sp/><sp/><sp/>%<sp/>(status,<sp/>count,<sp/>xml),</highlight></codeline>
<codeline lineno="240"><highlight class="normal"><sp/><sp/><sp/><sp/>)</highlight></codeline>
<codeline lineno="241"><highlight class="normal"></highlight></codeline>
<codeline lineno="242"><highlight class="normal"><sp/><sp/></highlight><highlight class="keyword">def<sp/></highlight><highlight class="normal"><ref refid="classgoogletest-failfast-unittest_1_1GTestFailFastUnitTest_1a752c45c96a6daa7efc47edb1f494b400" kindref="member">assertFailFastXmlAndTxtOutput</ref>(</highlight></codeline>
<codeline lineno="243"><highlight class="normal"><sp/><sp/><sp/><sp/><sp/><sp/>self,</highlight></codeline>
<codeline lineno="244"><highlight class="normal"><sp/><sp/><sp/><sp/><sp/><sp/>fail_fast,</highlight></codeline>
<codeline lineno="245"><highlight class="normal"><sp/><sp/><sp/><sp/><sp/><sp/>test_suite,</highlight></codeline>
<codeline lineno="246"><highlight class="normal"><sp/><sp/><sp/><sp/><sp/><sp/>passed_count,</highlight></codeline>
<codeline lineno="247"><highlight class="normal"><sp/><sp/><sp/><sp/><sp/><sp/>failure_count,</highlight></codeline>
<codeline lineno="248"><highlight class="normal"><sp/><sp/><sp/><sp/><sp/><sp/>skipped_count,</highlight></codeline>
<codeline lineno="249"><highlight class="normal"><sp/><sp/><sp/><sp/><sp/><sp/>suppressed_count,</highlight></codeline>
<codeline lineno="250"><highlight class="normal"><sp/><sp/><sp/><sp/><sp/><sp/>run_disabled=False,</highlight></codeline>
<codeline lineno="251"><highlight class="normal"><sp/><sp/>):</highlight></codeline>
<codeline lineno="252"><highlight class="normal"><sp/><sp/><sp/><sp/></highlight><highlight class="stringliteral">&quot;&quot;&quot;Assert<sp/>XML<sp/>and<sp/>text<sp/>output<sp/>of<sp/>a<sp/>test<sp/>execution.&quot;&quot;&quot;</highlight><highlight class="normal"></highlight></codeline>
<codeline lineno="253"><highlight class="normal"></highlight></codeline>
<codeline lineno="254"><highlight class="normal"><sp/><sp/><sp/><sp/>txt,<sp/>xml<sp/>=<sp/>RunAndReturnOutput(test_suite,<sp/>fail_fast,<sp/>run_disabled)</highlight></codeline>
<codeline lineno="255"><highlight class="normal"><sp/><sp/><sp/><sp/></highlight><highlight class="keywordflow">if</highlight><highlight class="normal"><sp/>failure_count<sp/>&gt;<sp/>0:</highlight></codeline>
<codeline lineno="256"><highlight class="normal"><sp/><sp/><sp/><sp/><sp/><sp/>self.assertIn(</highlight><highlight class="stringliteral">&apos;%s<sp/>FAILED<sp/>TEST&apos;</highlight><highlight class="normal"><sp/>%<sp/>failure_count,<sp/>txt)</highlight></codeline>
<codeline lineno="257"><highlight class="normal"><sp/><sp/><sp/><sp/></highlight><highlight class="keywordflow">if</highlight><highlight class="normal"><sp/>suppressed_count<sp/>&gt;<sp/>0:</highlight></codeline>
<codeline lineno="258"><highlight class="normal"><sp/><sp/><sp/><sp/><sp/><sp/>self.assertIn(</highlight><highlight class="stringliteral">&apos;%s<sp/>DISABLED<sp/>TEST&apos;</highlight><highlight class="normal"><sp/>%<sp/>suppressed_count,<sp/>txt)</highlight></codeline>
<codeline lineno="259"><highlight class="normal"><sp/><sp/><sp/><sp/></highlight><highlight class="keywordflow">if</highlight><highlight class="normal"><sp/>skipped_count<sp/>&gt;<sp/>0:</highlight></codeline>
<codeline lineno="260"><highlight class="normal"><sp/><sp/><sp/><sp/><sp/><sp/>self.assertIn(</highlight><highlight class="stringliteral">&apos;[<sp/><sp/>SKIPPED<sp/>]<sp/>%s<sp/>tests&apos;</highlight><highlight class="normal"><sp/>%<sp/>skipped_count,<sp/>txt)</highlight></codeline>
<codeline lineno="261"><highlight class="normal"><sp/><sp/><sp/><sp/>self.<ref refid="classgoogletest-failfast-unittest_1_1GTestFailFastUnitTest_1acbfb5e6a69ab38fb0fb05166f736d6d9" kindref="member">assertXmlStatusCount</ref>(</highlight></codeline>
<codeline lineno="262"><highlight class="normal"><sp/><sp/><sp/><sp/><sp/><sp/><sp/><sp/></highlight><highlight class="stringliteral">&apos;run&apos;</highlight><highlight class="normal">,<sp/>passed_count<sp/>+<sp/>failure_count<sp/>+<sp/>skipped_count,<sp/>xml</highlight></codeline>
<codeline lineno="263"><highlight class="normal"><sp/><sp/><sp/><sp/>)</highlight></codeline>
<codeline lineno="264"><highlight class="normal"><sp/><sp/><sp/><sp/>self.<ref refid="classgoogletest-failfast-unittest_1_1GTestFailFastUnitTest_1acbfb5e6a69ab38fb0fb05166f736d6d9" kindref="member">assertXmlStatusCount</ref>(</highlight><highlight class="stringliteral">&apos;notrun&apos;</highlight><highlight class="normal">,<sp/>suppressed_count,<sp/>xml)</highlight></codeline>
<codeline lineno="265"><highlight class="normal"><sp/><sp/><sp/><sp/>self.<ref refid="classgoogletest-failfast-unittest_1_1GTestFailFastUnitTest_1a9e253ee370a45c0fd976f1618bccab75" kindref="member">assertXmlResultCount</ref>(</highlight><highlight class="stringliteral">&apos;completed&apos;</highlight><highlight class="normal">,<sp/>passed_count<sp/>+<sp/>failure_count,<sp/>xml)</highlight></codeline>
<codeline lineno="266"><highlight class="normal"><sp/><sp/><sp/><sp/>self.<ref refid="classgoogletest-failfast-unittest_1_1GTestFailFastUnitTest_1a9e253ee370a45c0fd976f1618bccab75" kindref="member">assertXmlResultCount</ref>(</highlight><highlight class="stringliteral">&apos;skipped&apos;</highlight><highlight class="normal">,<sp/>skipped_count,<sp/>xml)</highlight></codeline>
<codeline lineno="267"><highlight class="normal"><sp/><sp/><sp/><sp/>self.<ref refid="classgoogletest-failfast-unittest_1_1GTestFailFastUnitTest_1a9e253ee370a45c0fd976f1618bccab75" kindref="member">assertXmlResultCount</ref>(</highlight><highlight class="stringliteral">&apos;suppressed&apos;</highlight><highlight class="normal">,<sp/>suppressed_count,<sp/>xml)</highlight></codeline>
<codeline lineno="268"><highlight class="normal"></highlight></codeline>
<codeline lineno="269"><highlight class="normal"><sp/><sp/></highlight><highlight class="keyword">def<sp/></highlight><highlight class="normal"><ref refid="classgoogletest-failfast-unittest_1_1GTestFailFastUnitTest_1ad0305a6ba4982f90ec3ddedf2a81369f" kindref="member">assertFailFastBehavior</ref>(</highlight></codeline>
<codeline lineno="270"><highlight class="normal"><sp/><sp/><sp/><sp/><sp/><sp/>self,</highlight></codeline>
<codeline lineno="271"><highlight class="normal"><sp/><sp/><sp/><sp/><sp/><sp/>test_suite,</highlight></codeline>
<codeline lineno="272"><highlight class="normal"><sp/><sp/><sp/><sp/><sp/><sp/>passed_count,</highlight></codeline>
<codeline lineno="273"><highlight class="normal"><sp/><sp/><sp/><sp/><sp/><sp/>failure_count,</highlight></codeline>
<codeline lineno="274"><highlight class="normal"><sp/><sp/><sp/><sp/><sp/><sp/>skipped_count,</highlight></codeline>
<codeline lineno="275"><highlight class="normal"><sp/><sp/><sp/><sp/><sp/><sp/>suppressed_count,</highlight></codeline>
<codeline lineno="276"><highlight class="normal"><sp/><sp/><sp/><sp/><sp/><sp/>run_disabled=False,</highlight></codeline>
<codeline lineno="277"><highlight class="normal"><sp/><sp/>):</highlight></codeline>
<codeline lineno="278"><highlight class="normal"><sp/><sp/><sp/><sp/></highlight><highlight class="stringliteral">&quot;&quot;&quot;Assert<sp/>--fail_fast<sp/>via<sp/>flag.&quot;&quot;&quot;</highlight><highlight class="normal"></highlight></codeline>
<codeline lineno="279"><highlight class="normal"></highlight></codeline>
<codeline lineno="280"><highlight class="normal"><sp/><sp/><sp/><sp/></highlight><highlight class="keywordflow">for</highlight><highlight class="normal"><sp/>fail_fast<sp/></highlight><highlight class="keywordflow">in</highlight><highlight class="normal"><sp/>(</highlight><highlight class="stringliteral">&apos;true&apos;</highlight><highlight class="normal">,<sp/></highlight><highlight class="stringliteral">&apos;1&apos;</highlight><highlight class="normal">,<sp/></highlight><highlight class="stringliteral">&apos;t&apos;</highlight><highlight class="normal">,<sp/></highlight><highlight class="keyword">True</highlight><highlight class="normal">):</highlight></codeline>
<codeline lineno="281"><highlight class="normal"><sp/><sp/><sp/><sp/><sp/><sp/>self.<ref refid="classgoogletest-failfast-unittest_1_1GTestFailFastUnitTest_1a752c45c96a6daa7efc47edb1f494b400" kindref="member">assertFailFastXmlAndTxtOutput</ref>(</highlight></codeline>
<codeline lineno="282"><highlight class="normal"><sp/><sp/><sp/><sp/><sp/><sp/><sp/><sp/><sp/><sp/>fail_fast,</highlight></codeline>
<codeline lineno="283"><highlight class="normal"><sp/><sp/><sp/><sp/><sp/><sp/><sp/><sp/><sp/><sp/>test_suite,</highlight></codeline>
<codeline lineno="284"><highlight class="normal"><sp/><sp/><sp/><sp/><sp/><sp/><sp/><sp/><sp/><sp/>passed_count,</highlight></codeline>
<codeline lineno="285"><highlight class="normal"><sp/><sp/><sp/><sp/><sp/><sp/><sp/><sp/><sp/><sp/>failure_count,</highlight></codeline>
<codeline lineno="286"><highlight class="normal"><sp/><sp/><sp/><sp/><sp/><sp/><sp/><sp/><sp/><sp/>skipped_count,</highlight></codeline>
<codeline lineno="287"><highlight class="normal"><sp/><sp/><sp/><sp/><sp/><sp/><sp/><sp/><sp/><sp/>suppressed_count,</highlight></codeline>
<codeline lineno="288"><highlight class="normal"><sp/><sp/><sp/><sp/><sp/><sp/><sp/><sp/><sp/><sp/>run_disabled,</highlight></codeline>
<codeline lineno="289"><highlight class="normal"><sp/><sp/><sp/><sp/><sp/><sp/>)</highlight></codeline>
<codeline lineno="290"><highlight class="normal"></highlight></codeline>
<codeline lineno="291"><highlight class="normal"><sp/><sp/></highlight><highlight class="keyword">def<sp/></highlight><highlight class="normal"><ref refid="classgoogletest-failfast-unittest_1_1GTestFailFastUnitTest_1a7c2f4c49ee6ff969b7373a3cec08ffe2" kindref="member">assertNotFailFastBehavior</ref>(</highlight></codeline>
<codeline lineno="292"><highlight class="normal"><sp/><sp/><sp/><sp/><sp/><sp/>self,</highlight></codeline>
<codeline lineno="293"><highlight class="normal"><sp/><sp/><sp/><sp/><sp/><sp/>test_suite,</highlight></codeline>
<codeline lineno="294"><highlight class="normal"><sp/><sp/><sp/><sp/><sp/><sp/>passed_count,</highlight></codeline>
<codeline lineno="295"><highlight class="normal"><sp/><sp/><sp/><sp/><sp/><sp/>failure_count,</highlight></codeline>
<codeline lineno="296"><highlight class="normal"><sp/><sp/><sp/><sp/><sp/><sp/>skipped_count,</highlight></codeline>
<codeline lineno="297"><highlight class="normal"><sp/><sp/><sp/><sp/><sp/><sp/>suppressed_count,</highlight></codeline>
<codeline lineno="298"><highlight class="normal"><sp/><sp/><sp/><sp/><sp/><sp/>run_disabled=False,</highlight></codeline>
<codeline lineno="299"><highlight class="normal"><sp/><sp/>):</highlight></codeline>
<codeline lineno="300"><highlight class="normal"><sp/><sp/><sp/><sp/></highlight><highlight class="stringliteral">&quot;&quot;&quot;Assert<sp/>--nofail_fast<sp/>via<sp/>flag.&quot;&quot;&quot;</highlight><highlight class="normal"></highlight></codeline>
<codeline lineno="301"><highlight class="normal"></highlight></codeline>
<codeline lineno="302"><highlight class="normal"><sp/><sp/><sp/><sp/></highlight><highlight class="keywordflow">for</highlight><highlight class="normal"><sp/>fail_fast<sp/></highlight><highlight class="keywordflow">in</highlight><highlight class="normal"><sp/>(</highlight><highlight class="stringliteral">&apos;false&apos;</highlight><highlight class="normal">,<sp/></highlight><highlight class="stringliteral">&apos;0&apos;</highlight><highlight class="normal">,<sp/></highlight><highlight class="stringliteral">&apos;f&apos;</highlight><highlight class="normal">,<sp/></highlight><highlight class="keyword">False</highlight><highlight class="normal">):</highlight></codeline>
<codeline lineno="303"><highlight class="normal"><sp/><sp/><sp/><sp/><sp/><sp/>self.<ref refid="classgoogletest-failfast-unittest_1_1GTestFailFastUnitTest_1a752c45c96a6daa7efc47edb1f494b400" kindref="member">assertFailFastXmlAndTxtOutput</ref>(</highlight></codeline>
<codeline lineno="304"><highlight class="normal"><sp/><sp/><sp/><sp/><sp/><sp/><sp/><sp/><sp/><sp/>fail_fast,</highlight></codeline>
<codeline lineno="305"><highlight class="normal"><sp/><sp/><sp/><sp/><sp/><sp/><sp/><sp/><sp/><sp/>test_suite,</highlight></codeline>
<codeline lineno="306"><highlight class="normal"><sp/><sp/><sp/><sp/><sp/><sp/><sp/><sp/><sp/><sp/>passed_count,</highlight></codeline>
<codeline lineno="307"><highlight class="normal"><sp/><sp/><sp/><sp/><sp/><sp/><sp/><sp/><sp/><sp/>failure_count,</highlight></codeline>
<codeline lineno="308"><highlight class="normal"><sp/><sp/><sp/><sp/><sp/><sp/><sp/><sp/><sp/><sp/>skipped_count,</highlight></codeline>
<codeline lineno="309"><highlight class="normal"><sp/><sp/><sp/><sp/><sp/><sp/><sp/><sp/><sp/><sp/>suppressed_count,</highlight></codeline>
<codeline lineno="310"><highlight class="normal"><sp/><sp/><sp/><sp/><sp/><sp/><sp/><sp/><sp/><sp/>run_disabled,</highlight></codeline>
<codeline lineno="311"><highlight class="normal"><sp/><sp/><sp/><sp/><sp/><sp/>)</highlight></codeline>
<codeline lineno="312"><highlight class="normal"></highlight></codeline>
<codeline lineno="313"><highlight class="normal"><sp/><sp/></highlight><highlight class="keyword">def<sp/></highlight><highlight class="normal"><ref refid="classgoogletest-failfast-unittest_1_1GTestFailFastUnitTest_1af95aac2efeb297b78be0a3d28f3b3285" kindref="member">testFlag_HasFixtureTest</ref>(self):</highlight></codeline>
<codeline lineno="314"><highlight class="normal"><sp/><sp/><sp/><sp/></highlight><highlight class="stringliteral">&quot;&quot;&quot;Tests<sp/>the<sp/>behavior<sp/>of<sp/>fail_fast<sp/>and<sp/>TEST_F.&quot;&quot;&quot;</highlight><highlight class="normal"></highlight></codeline>
<codeline lineno="315"><highlight class="normal"><sp/><sp/><sp/><sp/>self.<ref refid="classgoogletest-failfast-unittest_1_1GTestFailFastUnitTest_1ad0305a6ba4982f90ec3ddedf2a81369f" kindref="member">assertFailFastBehavior</ref>(</highlight></codeline>
<codeline lineno="316"><highlight class="normal"><sp/><sp/><sp/><sp/><sp/><sp/><sp/><sp/>test_suite=</highlight><highlight class="stringliteral">&apos;HasFixtureTest&apos;</highlight><highlight class="normal">,</highlight></codeline>
<codeline lineno="317"><highlight class="normal"><sp/><sp/><sp/><sp/><sp/><sp/><sp/><sp/>passed_count=1,</highlight></codeline>
<codeline lineno="318"><highlight class="normal"><sp/><sp/><sp/><sp/><sp/><sp/><sp/><sp/>failure_count=1,</highlight></codeline>
<codeline lineno="319"><highlight class="normal"><sp/><sp/><sp/><sp/><sp/><sp/><sp/><sp/>skipped_count=3,</highlight></codeline>
<codeline lineno="320"><highlight class="normal"><sp/><sp/><sp/><sp/><sp/><sp/><sp/><sp/>suppressed_count=0,</highlight></codeline>
<codeline lineno="321"><highlight class="normal"><sp/><sp/><sp/><sp/>)</highlight></codeline>
<codeline lineno="322"><highlight class="normal"><sp/><sp/><sp/><sp/>self.<ref refid="classgoogletest-failfast-unittest_1_1GTestFailFastUnitTest_1a7c2f4c49ee6ff969b7373a3cec08ffe2" kindref="member">assertNotFailFastBehavior</ref>(</highlight></codeline>
<codeline lineno="323"><highlight class="normal"><sp/><sp/><sp/><sp/><sp/><sp/><sp/><sp/>test_suite=</highlight><highlight class="stringliteral">&apos;HasFixtureTest&apos;</highlight><highlight class="normal">,</highlight></codeline>
<codeline lineno="324"><highlight class="normal"><sp/><sp/><sp/><sp/><sp/><sp/><sp/><sp/>passed_count=1,</highlight></codeline>
<codeline lineno="325"><highlight class="normal"><sp/><sp/><sp/><sp/><sp/><sp/><sp/><sp/>failure_count=4,</highlight></codeline>
<codeline lineno="326"><highlight class="normal"><sp/><sp/><sp/><sp/><sp/><sp/><sp/><sp/>skipped_count=0,</highlight></codeline>
<codeline lineno="327"><highlight class="normal"><sp/><sp/><sp/><sp/><sp/><sp/><sp/><sp/>suppressed_count=0,</highlight></codeline>
<codeline lineno="328"><highlight class="normal"><sp/><sp/><sp/><sp/>)</highlight></codeline>
<codeline lineno="329"><highlight class="normal"></highlight></codeline>
<codeline lineno="330"><highlight class="normal"><sp/><sp/></highlight><highlight class="keyword">def<sp/></highlight><highlight class="normal"><ref refid="classgoogletest-failfast-unittest_1_1GTestFailFastUnitTest_1a0912f4b1d91586ef5e4d73b0e915c40e" kindref="member">testFlag_HasSimpleTest</ref>(self):</highlight></codeline>
<codeline lineno="331"><highlight class="normal"><sp/><sp/><sp/><sp/></highlight><highlight class="stringliteral">&quot;&quot;&quot;Tests<sp/>the<sp/>behavior<sp/>of<sp/>fail_fast<sp/>and<sp/>TEST.&quot;&quot;&quot;</highlight><highlight class="normal"></highlight></codeline>
<codeline lineno="332"><highlight class="normal"><sp/><sp/><sp/><sp/>self.<ref refid="classgoogletest-failfast-unittest_1_1GTestFailFastUnitTest_1ad0305a6ba4982f90ec3ddedf2a81369f" kindref="member">assertFailFastBehavior</ref>(</highlight></codeline>
<codeline lineno="333"><highlight class="normal"><sp/><sp/><sp/><sp/><sp/><sp/><sp/><sp/>test_suite=</highlight><highlight class="stringliteral">&apos;HasSimpleTest&apos;</highlight><highlight class="normal">,</highlight></codeline>
<codeline lineno="334"><highlight class="normal"><sp/><sp/><sp/><sp/><sp/><sp/><sp/><sp/>passed_count=1,</highlight></codeline>
<codeline lineno="335"><highlight class="normal"><sp/><sp/><sp/><sp/><sp/><sp/><sp/><sp/>failure_count=1,</highlight></codeline>
<codeline lineno="336"><highlight class="normal"><sp/><sp/><sp/><sp/><sp/><sp/><sp/><sp/>skipped_count=3,</highlight></codeline>
<codeline lineno="337"><highlight class="normal"><sp/><sp/><sp/><sp/><sp/><sp/><sp/><sp/>suppressed_count=0,</highlight></codeline>
<codeline lineno="338"><highlight class="normal"><sp/><sp/><sp/><sp/>)</highlight></codeline>
<codeline lineno="339"><highlight class="normal"><sp/><sp/><sp/><sp/>self.<ref refid="classgoogletest-failfast-unittest_1_1GTestFailFastUnitTest_1a7c2f4c49ee6ff969b7373a3cec08ffe2" kindref="member">assertNotFailFastBehavior</ref>(</highlight></codeline>
<codeline lineno="340"><highlight class="normal"><sp/><sp/><sp/><sp/><sp/><sp/><sp/><sp/>test_suite=</highlight><highlight class="stringliteral">&apos;HasSimpleTest&apos;</highlight><highlight class="normal">,</highlight></codeline>
<codeline lineno="341"><highlight class="normal"><sp/><sp/><sp/><sp/><sp/><sp/><sp/><sp/>passed_count=1,</highlight></codeline>
<codeline lineno="342"><highlight class="normal"><sp/><sp/><sp/><sp/><sp/><sp/><sp/><sp/>failure_count=4,</highlight></codeline>
<codeline lineno="343"><highlight class="normal"><sp/><sp/><sp/><sp/><sp/><sp/><sp/><sp/>skipped_count=0,</highlight></codeline>
<codeline lineno="344"><highlight class="normal"><sp/><sp/><sp/><sp/><sp/><sp/><sp/><sp/>suppressed_count=0,</highlight></codeline>
<codeline lineno="345"><highlight class="normal"><sp/><sp/><sp/><sp/>)</highlight></codeline>
<codeline lineno="346"><highlight class="normal"></highlight></codeline>
<codeline lineno="347"><highlight class="normal"><sp/><sp/></highlight><highlight class="keyword">def<sp/></highlight><highlight class="normal"><ref refid="classgoogletest-failfast-unittest_1_1GTestFailFastUnitTest_1abbfff1ef73c601860f46361dae18d65a" kindref="member">testFlag_HasParametersTest</ref>(self):</highlight></codeline>
<codeline lineno="348"><highlight class="normal"><sp/><sp/><sp/><sp/></highlight><highlight class="stringliteral">&quot;&quot;&quot;Tests<sp/>the<sp/>behavior<sp/>of<sp/>fail_fast<sp/>and<sp/>TEST_P.&quot;&quot;&quot;</highlight><highlight class="normal"></highlight></codeline>
<codeline lineno="349"><highlight class="normal"><sp/><sp/><sp/><sp/>self.<ref refid="classgoogletest-failfast-unittest_1_1GTestFailFastUnitTest_1ad0305a6ba4982f90ec3ddedf2a81369f" kindref="member">assertFailFastBehavior</ref>(</highlight></codeline>
<codeline lineno="350"><highlight class="normal"><sp/><sp/><sp/><sp/><sp/><sp/><sp/><sp/>test_suite=</highlight><highlight class="stringliteral">&apos;HasParametersSuite/HasParametersTest&apos;</highlight><highlight class="normal">,</highlight></codeline>
<codeline lineno="351"><highlight class="normal"><sp/><sp/><sp/><sp/><sp/><sp/><sp/><sp/>passed_count=0,</highlight></codeline>
<codeline lineno="352"><highlight class="normal"><sp/><sp/><sp/><sp/><sp/><sp/><sp/><sp/>failure_count=1,</highlight></codeline>
<codeline lineno="353"><highlight class="normal"><sp/><sp/><sp/><sp/><sp/><sp/><sp/><sp/>skipped_count=3,</highlight></codeline>
<codeline lineno="354"><highlight class="normal"><sp/><sp/><sp/><sp/><sp/><sp/><sp/><sp/>suppressed_count=0,</highlight></codeline>
<codeline lineno="355"><highlight class="normal"><sp/><sp/><sp/><sp/>)</highlight></codeline>
<codeline lineno="356"><highlight class="normal"><sp/><sp/><sp/><sp/>self.<ref refid="classgoogletest-failfast-unittest_1_1GTestFailFastUnitTest_1a7c2f4c49ee6ff969b7373a3cec08ffe2" kindref="member">assertNotFailFastBehavior</ref>(</highlight></codeline>
<codeline lineno="357"><highlight class="normal"><sp/><sp/><sp/><sp/><sp/><sp/><sp/><sp/>test_suite=</highlight><highlight class="stringliteral">&apos;HasParametersSuite/HasParametersTest&apos;</highlight><highlight class="normal">,</highlight></codeline>
<codeline lineno="358"><highlight class="normal"><sp/><sp/><sp/><sp/><sp/><sp/><sp/><sp/>passed_count=0,</highlight></codeline>
<codeline lineno="359"><highlight class="normal"><sp/><sp/><sp/><sp/><sp/><sp/><sp/><sp/>failure_count=4,</highlight></codeline>
<codeline lineno="360"><highlight class="normal"><sp/><sp/><sp/><sp/><sp/><sp/><sp/><sp/>skipped_count=0,</highlight></codeline>
<codeline lineno="361"><highlight class="normal"><sp/><sp/><sp/><sp/><sp/><sp/><sp/><sp/>suppressed_count=0,</highlight></codeline>
<codeline lineno="362"><highlight class="normal"><sp/><sp/><sp/><sp/>)</highlight></codeline>
<codeline lineno="363"><highlight class="normal"></highlight></codeline>
<codeline lineno="364"><highlight class="normal"><sp/><sp/></highlight><highlight class="keyword">def<sp/></highlight><highlight class="normal"><ref refid="classgoogletest-failfast-unittest_1_1GTestFailFastUnitTest_1a879f6fdc7c5c1bed898e59e44c9e4ac8" kindref="member">testFlag_HasDisabledTest</ref>(self):</highlight></codeline>
<codeline lineno="365"><highlight class="normal"><sp/><sp/><sp/><sp/></highlight><highlight class="stringliteral">&quot;&quot;&quot;Tests<sp/>the<sp/>behavior<sp/>of<sp/>fail_fast<sp/>and<sp/>Disabled<sp/>test<sp/>cases.&quot;&quot;&quot;</highlight><highlight class="normal"></highlight></codeline>
<codeline lineno="366"><highlight class="normal"><sp/><sp/><sp/><sp/>self.<ref refid="classgoogletest-failfast-unittest_1_1GTestFailFastUnitTest_1ad0305a6ba4982f90ec3ddedf2a81369f" kindref="member">assertFailFastBehavior</ref>(</highlight></codeline>
<codeline lineno="367"><highlight class="normal"><sp/><sp/><sp/><sp/><sp/><sp/><sp/><sp/>test_suite=</highlight><highlight class="stringliteral">&apos;HasDisabledTest&apos;</highlight><highlight class="normal">,</highlight></codeline>
<codeline lineno="368"><highlight class="normal"><sp/><sp/><sp/><sp/><sp/><sp/><sp/><sp/>passed_count=1,</highlight></codeline>
<codeline lineno="369"><highlight class="normal"><sp/><sp/><sp/><sp/><sp/><sp/><sp/><sp/>failure_count=1,</highlight></codeline>
<codeline lineno="370"><highlight class="normal"><sp/><sp/><sp/><sp/><sp/><sp/><sp/><sp/>skipped_count=2,</highlight></codeline>
<codeline lineno="371"><highlight class="normal"><sp/><sp/><sp/><sp/><sp/><sp/><sp/><sp/>suppressed_count=1,</highlight></codeline>
<codeline lineno="372"><highlight class="normal"><sp/><sp/><sp/><sp/><sp/><sp/><sp/><sp/>run_disabled=</highlight><highlight class="keyword">False</highlight><highlight class="normal">,</highlight></codeline>
<codeline lineno="373"><highlight class="normal"><sp/><sp/><sp/><sp/>)</highlight></codeline>
<codeline lineno="374"><highlight class="normal"><sp/><sp/><sp/><sp/>self.<ref refid="classgoogletest-failfast-unittest_1_1GTestFailFastUnitTest_1a7c2f4c49ee6ff969b7373a3cec08ffe2" kindref="member">assertNotFailFastBehavior</ref>(</highlight></codeline>
<codeline lineno="375"><highlight class="normal"><sp/><sp/><sp/><sp/><sp/><sp/><sp/><sp/>test_suite=</highlight><highlight class="stringliteral">&apos;HasDisabledTest&apos;</highlight><highlight class="normal">,</highlight></codeline>
<codeline lineno="376"><highlight class="normal"><sp/><sp/><sp/><sp/><sp/><sp/><sp/><sp/>passed_count=1,</highlight></codeline>
<codeline lineno="377"><highlight class="normal"><sp/><sp/><sp/><sp/><sp/><sp/><sp/><sp/>failure_count=3,</highlight></codeline>
<codeline lineno="378"><highlight class="normal"><sp/><sp/><sp/><sp/><sp/><sp/><sp/><sp/>skipped_count=0,</highlight></codeline>
<codeline lineno="379"><highlight class="normal"><sp/><sp/><sp/><sp/><sp/><sp/><sp/><sp/>suppressed_count=1,</highlight></codeline>
<codeline lineno="380"><highlight class="normal"><sp/><sp/><sp/><sp/><sp/><sp/><sp/><sp/>run_disabled=</highlight><highlight class="keyword">False</highlight><highlight class="normal">,</highlight></codeline>
<codeline lineno="381"><highlight class="normal"><sp/><sp/><sp/><sp/>)</highlight></codeline>
<codeline lineno="382"><highlight class="normal"></highlight></codeline>
<codeline lineno="383"><highlight class="normal"><sp/><sp/></highlight><highlight class="keyword">def<sp/></highlight><highlight class="normal"><ref refid="classgoogletest-failfast-unittest_1_1GTestFailFastUnitTest_1a740cee36272084c7948b1ebf64f652ae" kindref="member">testFlag_HasDisabledRunDisabledTest</ref>(self):</highlight></codeline>
<codeline lineno="384"><highlight class="normal"><sp/><sp/><sp/><sp/></highlight><highlight class="stringliteral">&quot;&quot;&quot;Tests<sp/>the<sp/>behavior<sp/>of<sp/>fail_fast<sp/>and<sp/>Disabled<sp/>test<sp/>cases<sp/>enabled.&quot;&quot;&quot;</highlight><highlight class="normal"></highlight></codeline>
<codeline lineno="385"><highlight class="normal"><sp/><sp/><sp/><sp/>self.<ref refid="classgoogletest-failfast-unittest_1_1GTestFailFastUnitTest_1ad0305a6ba4982f90ec3ddedf2a81369f" kindref="member">assertFailFastBehavior</ref>(</highlight></codeline>
<codeline lineno="386"><highlight class="normal"><sp/><sp/><sp/><sp/><sp/><sp/><sp/><sp/>test_suite=</highlight><highlight class="stringliteral">&apos;HasDisabledTest&apos;</highlight><highlight class="normal">,</highlight></codeline>
<codeline lineno="387"><highlight class="normal"><sp/><sp/><sp/><sp/><sp/><sp/><sp/><sp/>passed_count=1,</highlight></codeline>
<codeline lineno="388"><highlight class="normal"><sp/><sp/><sp/><sp/><sp/><sp/><sp/><sp/>failure_count=1,</highlight></codeline>
<codeline lineno="389"><highlight class="normal"><sp/><sp/><sp/><sp/><sp/><sp/><sp/><sp/>skipped_count=3,</highlight></codeline>
<codeline lineno="390"><highlight class="normal"><sp/><sp/><sp/><sp/><sp/><sp/><sp/><sp/>suppressed_count=0,</highlight></codeline>
<codeline lineno="391"><highlight class="normal"><sp/><sp/><sp/><sp/><sp/><sp/><sp/><sp/>run_disabled=</highlight><highlight class="keyword">True</highlight><highlight class="normal">,</highlight></codeline>
<codeline lineno="392"><highlight class="normal"><sp/><sp/><sp/><sp/>)</highlight></codeline>
<codeline lineno="393"><highlight class="normal"><sp/><sp/><sp/><sp/>self.<ref refid="classgoogletest-failfast-unittest_1_1GTestFailFastUnitTest_1a7c2f4c49ee6ff969b7373a3cec08ffe2" kindref="member">assertNotFailFastBehavior</ref>(</highlight></codeline>
<codeline lineno="394"><highlight class="normal"><sp/><sp/><sp/><sp/><sp/><sp/><sp/><sp/>test_suite=</highlight><highlight class="stringliteral">&apos;HasDisabledTest&apos;</highlight><highlight class="normal">,</highlight></codeline>
<codeline lineno="395"><highlight class="normal"><sp/><sp/><sp/><sp/><sp/><sp/><sp/><sp/>passed_count=1,</highlight></codeline>
<codeline lineno="396"><highlight class="normal"><sp/><sp/><sp/><sp/><sp/><sp/><sp/><sp/>failure_count=4,</highlight></codeline>
<codeline lineno="397"><highlight class="normal"><sp/><sp/><sp/><sp/><sp/><sp/><sp/><sp/>skipped_count=0,</highlight></codeline>
<codeline lineno="398"><highlight class="normal"><sp/><sp/><sp/><sp/><sp/><sp/><sp/><sp/>suppressed_count=0,</highlight></codeline>
<codeline lineno="399"><highlight class="normal"><sp/><sp/><sp/><sp/><sp/><sp/><sp/><sp/>run_disabled=</highlight><highlight class="keyword">True</highlight><highlight class="normal">,</highlight></codeline>
<codeline lineno="400"><highlight class="normal"><sp/><sp/><sp/><sp/>)</highlight></codeline>
<codeline lineno="401"><highlight class="normal"></highlight></codeline>
<codeline lineno="402"><highlight class="normal"><sp/><sp/></highlight><highlight class="keyword">def<sp/></highlight><highlight class="normal"><ref refid="classgoogletest-failfast-unittest_1_1GTestFailFastUnitTest_1aad063354b4cf7fd600d3dfeef4c6653a" kindref="member">testFlag_HasDisabledSuiteTest</ref>(self):</highlight></codeline>
<codeline lineno="403"><highlight class="normal"><sp/><sp/><sp/><sp/></highlight><highlight class="stringliteral">&quot;&quot;&quot;Tests<sp/>the<sp/>behavior<sp/>of<sp/>fail_fast<sp/>and<sp/>Disabled<sp/>test<sp/>suites.&quot;&quot;&quot;</highlight><highlight class="normal"></highlight></codeline>
<codeline lineno="404"><highlight class="normal"><sp/><sp/><sp/><sp/>self.<ref refid="classgoogletest-failfast-unittest_1_1GTestFailFastUnitTest_1ad0305a6ba4982f90ec3ddedf2a81369f" kindref="member">assertFailFastBehavior</ref>(</highlight></codeline>
<codeline lineno="405"><highlight class="normal"><sp/><sp/><sp/><sp/><sp/><sp/><sp/><sp/>test_suite=</highlight><highlight class="stringliteral">&apos;DISABLED_HasDisabledSuite&apos;</highlight><highlight class="normal">,</highlight></codeline>
<codeline lineno="406"><highlight class="normal"><sp/><sp/><sp/><sp/><sp/><sp/><sp/><sp/>passed_count=0,</highlight></codeline>
<codeline lineno="407"><highlight class="normal"><sp/><sp/><sp/><sp/><sp/><sp/><sp/><sp/>failure_count=0,</highlight></codeline>
<codeline lineno="408"><highlight class="normal"><sp/><sp/><sp/><sp/><sp/><sp/><sp/><sp/>skipped_count=0,</highlight></codeline>
<codeline lineno="409"><highlight class="normal"><sp/><sp/><sp/><sp/><sp/><sp/><sp/><sp/>suppressed_count=5,</highlight></codeline>
<codeline lineno="410"><highlight class="normal"><sp/><sp/><sp/><sp/><sp/><sp/><sp/><sp/>run_disabled=</highlight><highlight class="keyword">False</highlight><highlight class="normal">,</highlight></codeline>
<codeline lineno="411"><highlight class="normal"><sp/><sp/><sp/><sp/>)</highlight></codeline>
<codeline lineno="412"><highlight class="normal"><sp/><sp/><sp/><sp/>self.<ref refid="classgoogletest-failfast-unittest_1_1GTestFailFastUnitTest_1a7c2f4c49ee6ff969b7373a3cec08ffe2" kindref="member">assertNotFailFastBehavior</ref>(</highlight></codeline>
<codeline lineno="413"><highlight class="normal"><sp/><sp/><sp/><sp/><sp/><sp/><sp/><sp/>test_suite=</highlight><highlight class="stringliteral">&apos;DISABLED_HasDisabledSuite&apos;</highlight><highlight class="normal">,</highlight></codeline>
<codeline lineno="414"><highlight class="normal"><sp/><sp/><sp/><sp/><sp/><sp/><sp/><sp/>passed_count=0,</highlight></codeline>
<codeline lineno="415"><highlight class="normal"><sp/><sp/><sp/><sp/><sp/><sp/><sp/><sp/>failure_count=0,</highlight></codeline>
<codeline lineno="416"><highlight class="normal"><sp/><sp/><sp/><sp/><sp/><sp/><sp/><sp/>skipped_count=0,</highlight></codeline>
<codeline lineno="417"><highlight class="normal"><sp/><sp/><sp/><sp/><sp/><sp/><sp/><sp/>suppressed_count=5,</highlight></codeline>
<codeline lineno="418"><highlight class="normal"><sp/><sp/><sp/><sp/><sp/><sp/><sp/><sp/>run_disabled=</highlight><highlight class="keyword">False</highlight><highlight class="normal">,</highlight></codeline>
<codeline lineno="419"><highlight class="normal"><sp/><sp/><sp/><sp/>)</highlight></codeline>
<codeline lineno="420"><highlight class="normal"></highlight></codeline>
<codeline lineno="421"><highlight class="normal"><sp/><sp/></highlight><highlight class="keyword">def<sp/></highlight><highlight class="normal"><ref refid="classgoogletest-failfast-unittest_1_1GTestFailFastUnitTest_1ab2194792adbb0121f66506be70b71698" kindref="member">testFlag_HasDisabledSuiteRunDisabledTest</ref>(self):</highlight></codeline>
<codeline lineno="422"><highlight class="normal"><sp/><sp/><sp/><sp/></highlight><highlight class="stringliteral">&quot;&quot;&quot;Tests<sp/>the<sp/>behavior<sp/>of<sp/>fail_fast<sp/>and<sp/>Disabled<sp/>test<sp/>suites<sp/>enabled.&quot;&quot;&quot;</highlight><highlight class="normal"></highlight></codeline>
<codeline lineno="423"><highlight class="normal"><sp/><sp/><sp/><sp/>self.<ref refid="classgoogletest-failfast-unittest_1_1GTestFailFastUnitTest_1ad0305a6ba4982f90ec3ddedf2a81369f" kindref="member">assertFailFastBehavior</ref>(</highlight></codeline>
<codeline lineno="424"><highlight class="normal"><sp/><sp/><sp/><sp/><sp/><sp/><sp/><sp/>test_suite=</highlight><highlight class="stringliteral">&apos;DISABLED_HasDisabledSuite&apos;</highlight><highlight class="normal">,</highlight></codeline>
<codeline lineno="425"><highlight class="normal"><sp/><sp/><sp/><sp/><sp/><sp/><sp/><sp/>passed_count=1,</highlight></codeline>
<codeline lineno="426"><highlight class="normal"><sp/><sp/><sp/><sp/><sp/><sp/><sp/><sp/>failure_count=1,</highlight></codeline>
<codeline lineno="427"><highlight class="normal"><sp/><sp/><sp/><sp/><sp/><sp/><sp/><sp/>skipped_count=3,</highlight></codeline>
<codeline lineno="428"><highlight class="normal"><sp/><sp/><sp/><sp/><sp/><sp/><sp/><sp/>suppressed_count=0,</highlight></codeline>
<codeline lineno="429"><highlight class="normal"><sp/><sp/><sp/><sp/><sp/><sp/><sp/><sp/>run_disabled=</highlight><highlight class="keyword">True</highlight><highlight class="normal">,</highlight></codeline>
<codeline lineno="430"><highlight class="normal"><sp/><sp/><sp/><sp/>)</highlight></codeline>
<codeline lineno="431"><highlight class="normal"><sp/><sp/><sp/><sp/>self.<ref refid="classgoogletest-failfast-unittest_1_1GTestFailFastUnitTest_1a7c2f4c49ee6ff969b7373a3cec08ffe2" kindref="member">assertNotFailFastBehavior</ref>(</highlight></codeline>
<codeline lineno="432"><highlight class="normal"><sp/><sp/><sp/><sp/><sp/><sp/><sp/><sp/>test_suite=</highlight><highlight class="stringliteral">&apos;DISABLED_HasDisabledSuite&apos;</highlight><highlight class="normal">,</highlight></codeline>
<codeline lineno="433"><highlight class="normal"><sp/><sp/><sp/><sp/><sp/><sp/><sp/><sp/>passed_count=1,</highlight></codeline>
<codeline lineno="434"><highlight class="normal"><sp/><sp/><sp/><sp/><sp/><sp/><sp/><sp/>failure_count=4,</highlight></codeline>
<codeline lineno="435"><highlight class="normal"><sp/><sp/><sp/><sp/><sp/><sp/><sp/><sp/>skipped_count=0,</highlight></codeline>
<codeline lineno="436"><highlight class="normal"><sp/><sp/><sp/><sp/><sp/><sp/><sp/><sp/>suppressed_count=0,</highlight></codeline>
<codeline lineno="437"><highlight class="normal"><sp/><sp/><sp/><sp/><sp/><sp/><sp/><sp/>run_disabled=</highlight><highlight class="keyword">True</highlight><highlight class="normal">,</highlight></codeline>
<codeline lineno="438"><highlight class="normal"><sp/><sp/><sp/><sp/>)</highlight></codeline>
<codeline lineno="439"><highlight class="normal"></highlight></codeline>
<codeline lineno="440"><highlight class="normal"><sp/><sp/></highlight><highlight class="keywordflow">if</highlight><highlight class="normal"><sp/>SUPPORTS_DEATH_TESTS:</highlight></codeline>
<codeline lineno="441"><highlight class="normal"></highlight></codeline>
<codeline lineno="442"><highlight class="normal"><sp/><sp/><sp/><sp/></highlight><highlight class="keyword">def<sp/></highlight><highlight class="normal"><ref refid="classgoogletest-failfast-unittest_1_1GTestFailFastUnitTest_1aaece76802795e2116b8af727b70e14e9" kindref="member">testFlag_HasDeathTest</ref>(self):</highlight></codeline>
<codeline lineno="443"><highlight class="normal"><sp/><sp/><sp/><sp/><sp/><sp/></highlight><highlight class="stringliteral">&quot;&quot;&quot;Tests<sp/>the<sp/>behavior<sp/>of<sp/>fail_fast<sp/>and<sp/>death<sp/>tests.&quot;&quot;&quot;</highlight><highlight class="normal"></highlight></codeline>
<codeline lineno="444"><highlight class="normal"><sp/><sp/><sp/><sp/><sp/><sp/>self.<ref refid="classgoogletest-failfast-unittest_1_1GTestFailFastUnitTest_1ad0305a6ba4982f90ec3ddedf2a81369f" kindref="member">assertFailFastBehavior</ref>(</highlight></codeline>
<codeline lineno="445"><highlight class="normal"><sp/><sp/><sp/><sp/><sp/><sp/><sp/><sp/><sp/><sp/>test_suite=</highlight><highlight class="stringliteral">&apos;HasDeathTest&apos;</highlight><highlight class="normal">,</highlight></codeline>
<codeline lineno="446"><highlight class="normal"><sp/><sp/><sp/><sp/><sp/><sp/><sp/><sp/><sp/><sp/>passed_count=1,</highlight></codeline>
<codeline lineno="447"><highlight class="normal"><sp/><sp/><sp/><sp/><sp/><sp/><sp/><sp/><sp/><sp/>failure_count=1,</highlight></codeline>
<codeline lineno="448"><highlight class="normal"><sp/><sp/><sp/><sp/><sp/><sp/><sp/><sp/><sp/><sp/>skipped_count=3,</highlight></codeline>
<codeline lineno="449"><highlight class="normal"><sp/><sp/><sp/><sp/><sp/><sp/><sp/><sp/><sp/><sp/>suppressed_count=0,</highlight></codeline>
<codeline lineno="450"><highlight class="normal"><sp/><sp/><sp/><sp/><sp/><sp/>)</highlight></codeline>
<codeline lineno="451"><highlight class="normal"><sp/><sp/><sp/><sp/><sp/><sp/>self.<ref refid="classgoogletest-failfast-unittest_1_1GTestFailFastUnitTest_1a7c2f4c49ee6ff969b7373a3cec08ffe2" kindref="member">assertNotFailFastBehavior</ref>(</highlight></codeline>
<codeline lineno="452"><highlight class="normal"><sp/><sp/><sp/><sp/><sp/><sp/><sp/><sp/><sp/><sp/>test_suite=</highlight><highlight class="stringliteral">&apos;HasDeathTest&apos;</highlight><highlight class="normal">,</highlight></codeline>
<codeline lineno="453"><highlight class="normal"><sp/><sp/><sp/><sp/><sp/><sp/><sp/><sp/><sp/><sp/>passed_count=1,</highlight></codeline>
<codeline lineno="454"><highlight class="normal"><sp/><sp/><sp/><sp/><sp/><sp/><sp/><sp/><sp/><sp/>failure_count=4,</highlight></codeline>
<codeline lineno="455"><highlight class="normal"><sp/><sp/><sp/><sp/><sp/><sp/><sp/><sp/><sp/><sp/>skipped_count=0,</highlight></codeline>
<codeline lineno="456"><highlight class="normal"><sp/><sp/><sp/><sp/><sp/><sp/><sp/><sp/><sp/><sp/>suppressed_count=0,</highlight></codeline>
<codeline lineno="457"><highlight class="normal"><sp/><sp/><sp/><sp/><sp/><sp/>)</highlight></codeline>
<codeline lineno="458"><highlight class="normal"></highlight></codeline>
<codeline lineno="459"><highlight class="normal"></highlight></codeline>
<codeline lineno="460"><highlight class="normal"></highlight><highlight class="keywordflow">if</highlight><highlight class="normal"><sp/>__name__<sp/>==<sp/></highlight><highlight class="stringliteral">&apos;__main__&apos;</highlight><highlight class="normal">:</highlight></codeline>
<codeline lineno="461"><highlight class="normal"><sp/><sp/><ref refid="namespacegtest__test__utils_1a5361b42d9c6843b5b117ead4d1c58cc5" kindref="member">gtest_test_utils.Main</ref>()</highlight></codeline>
    </programlisting>
    <location file="build/_deps/googletest-src/googletest/test/googletest-failfast-unittest.py"/>
  </compounddef>
</doxygen>
